GROUP,PACKAGE,CLASS,INSTRUCTION_MISSED,INSTRUCTION_COVERED,BRANCH_MISSED,BRANCH_COVERED,LINE_MISSED,LINE_COVERED,COMPLEXITY_MISSED,COMPLEXITY_COVERED,METHOD_MISSED,METHOD_COVERED
coverage-report/org.adempiere.base,org.idempiere.broadcast.process,TestBrodcastMessage,15,0,0,0,5,0,3,0,3,0
coverage-report/org.adempiere.base,org.idempiere.broadcast.process,ExpireBrodcastMessage,48,0,6,0,11,0,6,0,3,0
coverage-report/org.adempiere.base,org.idempiere.broadcast.process,PublishBrodcastMessage,11,0,0,0,4,0,3,0,3,0
coverage-report/org.adempiere.base,org.adempiere.base.markdown,MarkdownRendererImpl.new AttributeProviderFactory() {...},17,0,0,0,2,0,2,0,2,0
coverage-report/org.adempiere.base,org.adempiere.base.markdown,MarkdownRendererImpl,145,0,22,0,29,0,13,0,2,0
coverage-report/org.adempiere.base,org.adempiere.base.markdown,MarkdownRendererImpl.LinkAttributeProvider,102,0,30,0,19,0,17,0,2,0
coverage-report/org.adempiere.base,org.adempiere.base.markdown,IMarkdownRenderer,11,0,0,0,2,0,2,0,2,0
coverage-report/org.adempiere.base,org.adempiere.model,MFreightShipmentProcessor,364,0,18,0,64,0,14,0,5,0
coverage-report/org.adempiere.base,org.adempiere.model,POWrapper,321,0,48,0,79,0,33,0,9,0
coverage-report/org.adempiere.base,org.adempiere.model,ZoomInfoFactory.ZoomInfo,57,0,2,0,14,0,3,0,2,0
coverage-report/org.adempiere.base,org.adempiere.model,ZoomInfoFactory,115,0,16,0,23,0,11,0,3,0
coverage-report/org.adempiere.base,org.adempiere.model,MWizardProcess,60,0,2,0,13,0,5,0,4,0
coverage-report/org.adempiere.base,org.adempiere.model,GenericZoomProvider,715,0,72,0,185,0,41,0,5,0
coverage-report/org.adempiere.base,org.adempiere.model,MInfoProcess,111,0,8,0,26,0,14,0,10,0
coverage-report/org.adempiere.base,org.adempiere.model,ProductPriceValidator,231,0,34,0,60,0,24,0,7,0
coverage-report/org.adempiere.base,org.adempiere.model,ShippingPackage,38,0,0,0,16,0,11,0,11,0
coverage-report/org.adempiere.base,org.adempiere.model,MInfoRelated,93,0,6,0,24,0,12,0,9,0
coverage-report/org.adempiere.base,org.adempiere.model,MShipperFacade,257,0,28,0,49,0,35,0,21,0
coverage-report/org.adempiere.base,org.adempiere.model,DocActionDelegate,1263,0,188,0,301,0,134,0,40,0
coverage-report/org.adempiere.base,org.adempiere.model,GridTabWrapper,257,0,42,0,62,0,30,0,9,0
coverage-report/org.adempiere.base,org.adempiere.model,MWlistboxCustomization,250,0,26,0,47,0,20,0,7,0
coverage-report/org.adempiere.base,org.adempiere.model,MBroadcastMessage,293,0,44,0,72,0,38,0,16,0
coverage-report/org.adempiere.base,org.adempiere.model,MTabCustomization,128,0,8,0,26,0,11,0,7,0
coverage-report/org.adempiere.base,org.adempiere.model,MRelationType,789,0,70,0,208,0,59,0,24,0
coverage-report/org.adempiere.base,org.adempiere.model,GenericPO,276,0,4,0,55,0,36,0,34,0
coverage-report/org.adempiere.base,org.adempiere.model,PropertiesWrapper,9,0,0,0,4,0,1,0,1,0
coverage-report/org.adempiere.base,org.adempiere.model,CalloutInfoWindow,282,0,52,0,71,0,32,0,6,0
coverage-report/org.adempiere.base,org.compiere.model,X_AD_TreeNodeCMM,180,0,14,0,51,0,26,0,19,0
coverage-report/org.adempiere.base,org.compiere.model,X_AD_Table_Access,216,0,16,0,59,0,31,0,23,0
coverage-report/org.adempiere.base,org.compiere.model,X_AD_AccessLog,264,0,16,0,71,0,39,0,31,0
coverage-report/org.adempiere.base,org.compiere.model,I_AD_AlertRule,10,0,0,0,3,0,1,0,1,0
coverage-report/org.adempiere.base,org.compiere.model,I_GL_Budget,10,0,0,0,3,0,1,0,1,0
coverage-report/org.adempiere.base,org.compiere.model,GridTab.DataStatusEventRecord,9,0,0,0,1,0,1,0,1,0
coverage-report/org.adempiere.base,org.compiere.model,X_AD_TreeNodeCMC,180,0,14,0,51,0,26,0,19,0
coverage-report/org.adempiere.base,org.compiere.model,X_AD_Package_Imp,347,0,20,0,95,0,54,0,44,0
coverage-report/org.adempiere.base,org.compiere.model,X_AD_Ref_List,213,0,8,0,56,0,32,0,28,0
coverage-report/org.adempiere.base,org.compiere.model,I_S_TimeType,10,0,0,0,3,0,1,0,1,0
coverage-report/org.adempiere.base,org.compiere.model,X_M_ShipperPackaging,232,0,18,0,64,0,33,0,24,0
coverage-report/org.adempiere.base,org.compiere.model,MPackageImp,32,0,0,0,10,0,5,0,5,0
coverage-report/org.adempiere.base,org.compiere.model,I_AD_WF_Node,10,0,0,0,3,0,1,0,1,0
coverage-report/org.adempiere.base,org.compiere.model,X_GL_Budget,167,0,8,0,45,0,25,0,21,0
coverage-report/org.adempiere.base,org.compiere.model,AttachmentDBLazyDataSource,524,0,76,0,129,0,47,0,9,0
coverage-report/org.adempiere.base,org.compiere.model,I_R_IssueRecommendation,10,0,0,0,3,0,1,0,1,0
coverage-report/org.adempiere.base,org.compiere.model,X_AD_SMTP,245,0,14,0,68,0,38,0,31,0
coverage-report/org.adempiere.base,org.compiere.model,MRfQ,380,0,36,0,99,0,36,0,18,0
coverage-report/org.adempiere.base,org.compiere.model,X_AD_Field,1200,0,110,0,336,0,179,0,124,0
coverage-report/org.adempiere.base,org.compiere.model,I_AD_Schedule,10,0,0,0,3,0,1,0,1,0
coverage-report/org.adempiere.base,org.compiere.model,X_A_Asset_Reval,450,0,38,0,130,0,69,0,50,0
coverage-report/org.adempiere.base,org.compiere.model,I_M_MovementLineMA,10,0,0,0,3,0,1,0,1,0
coverage-report/org.adempiere.base,org.compiere.model,MPaymentAllocate,213,0,30,0,54,0,24,0,9,0
coverage-report/org.adempiere.base,org.compiere.model,MProjectLine,449,0,62,0,120,0,47,0,16,0
coverage-report/org.adempiere.base,org.compiere.model,I_M_InOutLine,10,0,0,0,3,0,1,0,1,0
coverage-report/org.adempiere.base,org.compiere.model,MShipperPackaging,31,0,0,0,8,0,4,0,4,0
coverage-report/org.adempiere.base,org.compiere.model,I_AD_TableValRule,10,0,0,0,3,0,1,0,1,0
coverage-report/org.adempiere.base,org.compiere.model,X_AD_UserDef_Info,379,0,26,0,101,0,54,0,41,0
coverage-report/org.adempiere.base,org.compiere.model,X_M_AttributeInstanceLine,164,0,10,0,46,0,24,0,19,0
coverage-report/org.adempiere.base,org.compiere.model,AttachmentDBLOB,1000,0,108,0,226,0,65,0,11,0
coverage-report/org.adempiere.base,org.compiere.model,MAuthorizationProvider,18,0,0,0,6,0,3,0,3,0
coverage-report/org.adempiere.base,org.compiere.model,MCtxHelpMsg,335,0,40,0,82,0,34,0,14,0
coverage-report/org.adempiere.base,org.compiere.model,I_RV_BPartner,10,0,0,0,3,0,1,0,1,0
coverage-report/org.adempiere.base,org.compiere.model,X_C_UserRemuneration,283,0,20,0,81,0,43,0,33,0
coverage-report/org.adempiere.base,org.compiere.model,X_AD_UserBPAccess,195,0,12,0,53,0,28,0,22,0
coverage-report/org.adempiere.base,org.compiere.model,MAssetGroupAcct,197,0,14,0,48,0,21,0,14,0
coverage-report/org.adempiere.base,org.compiere.model,X_I_ReportLine,523,0,42,0,144,0,78,0,57,0
coverage-report/org.adempiere.base,org.compiere.model,X_M_CostHistory,473,0,44,0,139,0,71,0,49,0
coverage-report/org.adempiere.base,org.compiere.model,MValRule,150,0,8,0,37,0,19,0,15,0
coverage-report/org.adempiere.base,org.compiere.model,BatchUpdate.BatchUpdateException,5,0,0,0,2,0,1,0,1,0
coverage-report/org.adempiere.base,org.compiere.model,I_C_RfQResponseLineQty,10,0,0,0,3,0,1,0,1,0
coverage-report/org.adempiere.base,org.compiere.model,I_M_BOMAlternative,10,0,0,0,3,0,1,0,1,0
coverage-report/org.adempiere.base,org.compiere.model,I_R_IssueKnown,10,0,0,0,3,0,1,0,1,0
coverage-report/org.adempiere.base,org.compiere.model,X_AD_FieldGroup,167,0,8,0,45,0,25,0,21,0
coverage-report/org.adempiere.base,org.compiere.model,X_C_AcctProcessor,353,0,26,0,94,0,50,0,37,0
coverage-report/org.adempiere.base,org.compiere.model,X_AD_Process,584,0,40,0,159,0,88,0,68,0
coverage-report/org.adempiere.base,org.compiere.model,X_C_Order,2409,0,250,0,664,0,342,0,217,0
coverage-report/org.adempiere.base,org.compiere.model,MProductCategory,392,0,48,0,106,0,43,0,19,0
coverage-report/org.adempiere.base,org.compiere.model,X_M_ShipperCfg,306,0,24,0,85,0,46,0,34,0
coverage-report/org.adempiere.base,org.compiere.model,BatchInsert,596,0,104,0,164,0,61,0,9,0
coverage-report/org.adempiere.base,org.compiere.model,X_AD_LabelCategory,187,0,12,0,51,0,27,0,21,0
coverage-report/org.adempiere.base,org.compiere.model,MPriceListVersion,258,0,32,0,59,0,33,0,17,0
coverage-report/org.adempiere.base,org.compiere.model,X_A_Asset_Transfer,1016,0,82,0,284,0,149,0,108,0
coverage-report/org.adempiere.base,org.compiere.model,I_C_DunningRunLine,10,0,0,0,3,0,1,0,1,0
coverage-report/org.adempiere.base,org.compiere.model,X_AD_InfoProcess,284,0,18,0,76,0,41,0,32,0
coverage-report/org.adempiere.base,org.compiere.model,I_A_Depreciation_Entry,10,0,0,0,3,0,1,0,1,0
coverage-report/org.adempiere.base,org.compiere.model,I_C_LandedCostAllocation,10,0,0,0,3,0,1,0,1,0
coverage-report/org.adempiere.base,org.compiere.model,I_U_POSTerminal,10,0,0,0,3,0,1,0,1,0
coverage-report/org.adempiere.base,org.compiere.model,I_AD_InfoColumn,10,0,0,0,3,0,1,0,1,0
coverage-report/org.adempiere.base,org.compiere.model,MOrderLandedCostAllocation,66,0,2,0,16,0,6,0,5,0
coverage-report/org.adempiere.base,org.compiere.model,I_AD_EntityType,10,0,0,0,3,0,1,0,1,0
coverage-report/org.adempiere.base,org.compiere.model,MDiscountSchemaBreak,171,0,26,0,46,0,23,0,10,0
coverage-report/org.adempiere.base,org.compiere.model,MDistributionRunDetail,264,0,18,0,67,0,19,0,10,0
coverage-report/org.adempiere.base,org.compiere.model,X_C_Greeting,182,0,12,0,50,0,27,0,21,0
coverage-report/org.adempiere.base,org.compiere.model,MSalesRegion,153,0,22,0,40,0,25,0,14,0
coverage-report/org.adempiere.base,org.compiere.model,I_AD_Archive,10,0,0,0,3,0,1,0,1,0
coverage-report/org.adempiere.base,org.compiere.model,I_S_TimeExpenseLine,10,0,0,0,3,0,1,0,1,0
coverage-report/org.adempiere.base,org.compiere.model,X_AD_TreeNodeCMT,180,0,14,0,51,0,26,0,19,0
coverage-report/org.adempiere.base,org.compiere.model,X_AD_TreeNodeCMS,180,0,14,0,51,0,26,0,19,0
coverage-report/org.adempiere.base,org.compiere.model,I_PA_ReportSource,10,0,0,0,3,0,1,0,1,0
coverage-report/org.adempiere.base,org.compiere.model,MStatusLine,512,0,44,0,105,0,35,0,13,0
coverage-report/org.adempiere.base,org.compiere.model,MSession,561,0,60,0,154,0,59,0,29,0
coverage-report/org.adempiere.base,org.compiere.model,X_PA_DocumentStatus,745,0,66,0,196,0,101,0,68,0
coverage-report/org.adempiere.base,org.compiere.model,I_AD_LabelAssignment,10,0,0,0,3,0,1,0,1,0
coverage-report/org.adempiere.base,org.compiere.model,MRequisitionLine,474,0,64,0,109,0,54,0,22,0
coverage-report/org.adempiere.base,org.compiere.model,I_EXP_Processor,10,0,0,0,3,0,1,0,1,0
coverage-report/org.adempiere.base,org.compiere.model,MProjectPhase,456,0,42,0,115,0,33,0,12,0
coverage-report/org.adempiere.base,org.compiere.model,X_B_Topic,352,0,24,0,96,0,53,0,41,0
coverage-report/org.adempiere.base,org.compiere.model,MCashPlanLine,90,0,12,0,25,0,13,0,7,0
coverage-report/org.adempiere.base,org.compiere.model,MInvoicePaySchedule,357,0,32,0,92,0,29,0,13,0
coverage-report/org.adempiere.base,org.compiere.model,X_ASP_Workflow,184,0,12,0,50,0,26,0,20,0
coverage-report/org.adempiere.base,org.compiere.model,I_M_ShipperPickupTypesCfg,10,0,0,0,3,0,1,0,1,0
coverage-report/org.adempiere.base,org.compiere.model,I_GL_JournalBatch,10,0,0,0,3,0,1,0,1,0
coverage-report/org.adempiere.base,org.compiere.model,X_C_Recurring_Run,340,0,28,0,90,0,46,0,32,0
coverage-report/org.adempiere.base,org.compiere.model,X_PA_GoalRestriction,353,0,28,0,92,0,48,0,34,0
coverage-report/org.adempiere.base,org.compiere.model,I_M_MovementLine,10,0,0,0,3,0,1,0,1,0
coverage-report/org.adempiere.base,org.compiere.model,I_AD_Sequence_No,10,0,0,0,3,0,1,0,1,0
coverage-report/org.adempiere.base,org.compiere.model,MOnlineTrxHistory,18,0,0,0,6,0,3,0,3,0
coverage-report/org.adempiere.base,org.compiere.model,MCurrencyAcct,45,0,0,0,10,0,4,0,4,0
coverage-report/org.adempiere.base,org.compiere.model,X_M_BP_Price,376,0,30,0,108,0,57,0,42,0
coverage-report/org.adempiere.base,org.compiere.model,X_GL_Category,189,0,8,0,51,0,29,0,25,0
coverage-report/org.adempiere.base,org.compiere.model,X_A_Asset_Change,1473,0,136,0,429,0,223,0,155,0
coverage-report/org.adempiere.base,org.compiere.model,X_AD_ModelValidator,182,0,6,0,49,0,28,0,25,0
coverage-report/org.adempiere.base,org.compiere.model,I_C_BankTransfer,10,0,0,0,3,0,1,0,1,0
coverage-report/org.adempiere.base,org.compiere.model,MCost.QtyCost,31,0,0,0,9,0,2,0,2,0
coverage-report/org.adempiere.base,org.compiere.model,X_A_Depreciation_Forecast,256,0,20,0,70,0,37,0,27,0
coverage-report/org.adempiere.base,org.compiere.model,MDepreciationEntry.new TrxRunnable() {...},39,0,2,0,7,0,3,0,2,0
coverage-report/org.adempiere.base,org.compiere.model,MRefList,570,0,58,0,153,0,48,0,19,0
coverage-report/org.adempiere.base,org.compiere.model,MProductionPlan,541,0,46,0,155,0,32,0,9,0
coverage-report/org.adempiere.base,org.compiere.model,I_AD_OrgInfo,10,0,0,0,3,0,1,0,1,0
coverage-report/org.adempiere.base,org.compiere.model,MRecordAccess,421,0,44,0,107,0,38,0,16,0
coverage-report/org.adempiere.base,org.compiere.model,MDiscountSchemaLine,55,0,4,0,20,0,10,0,8,0
coverage-report/org.adempiere.base,org.compiere.model,BatchDelete.BatchDeleteException,5,0,0,0,2,0,1,0,1,0
coverage-report/org.adempiere.base,org.compiere.model,MAssetAddition,2197,0,276,0,516,0,191,0,53,0
coverage-report/org.adempiere.base,org.compiere.model,I_AD_Tree,10,0,0,0,3,0,1,0,1,0
coverage-report/org.adempiere.base,org.compiere.model,I_C_AcctSchema_Element,10,0,0,0,3,0,1,0,1,0
coverage-report/org.adempiere.base,org.compiere.model,MMovementLineConfirm,175,0,12,0,45,0,17,0,11,0
coverage-report/org.adempiere.base,org.compiere.model,I_S_ResourceAssignment,10,0,0,0,3,0,1,0,1,0
coverage-report/org.adempiere.base,org.compiere.model,X_AD_Replication_Run,195,0,12,0,52,0,28,0,22,0
coverage-report/org.adempiere.base,org.compiere.model,MAttributeSetExclude,38,0,0,0,13,0,6,0,6,0
coverage-report/org.adempiere.base,org.compiere.model,I_C_LandedCost,10,0,0,0,3,0,1,0,1,0
coverage-report/org.adempiere.base,org.compiere.model,I_AD_StatusLineUsedIn,10,0,0,0,3,0,1,0,1,0
coverage-report/org.adempiere.base,org.compiere.model,MYear,374,0,32,0,97,0,28,0,12,0
coverage-report/org.adempiere.base,org.compiere.model,X_AD_TreeNode,180,0,14,0,51,0,26,0,19,0
coverage-report/org.adempiere.base,org.compiere.model,MDepreciationConvention,219,0,14,0,56,0,22,0,15,0
coverage-report/org.adempiere.base,org.compiere.model,I_AD_TableAttributeSet,10,0,0,0,3,0,1,0,1,0
coverage-report/org.adempiere.base,org.compiere.model,X_AD_ReplicationTable,215,0,12,0,57,0,31,0,25,0
coverage-report/org.adempiere.base,org.compiere.model,I_AD_ChartDatasource,10,0,0,0,3,0,1,0,1,0
coverage-report/org.adempiere.base,org.compiere.model,I_AD_Table_ScriptValidator,10,0,0,0,3,0,1,0,1,0
coverage-report/org.adempiere.base,org.compiere.model,MLandedCostAllocation,170,0,8,0,53,0,14,0,10,0
coverage-report/org.adempiere.base,org.compiere.model,I_M_DistributionListLine,10,0,0,0,3,0,1,0,1,0
coverage-report/org.adempiere.base,org.compiere.model,MRequestType,807,0,84,0,231,0,70,0,28,0
coverage-report/org.adempiere.base,org.compiere.model,I_AD_Role_OrgAccess,10,0,0,0,3,0,1,0,1,0
coverage-report/org.adempiere.base,org.compiere.model,X_C_BankStatementLine,757,0,56,0,212,0,116,0,88,0
coverage-report/org.adempiere.base,org.compiere.model,I_T_DistributionRunDetail,10,0,0,0,3,0,1,0,1,0
coverage-report/org.adempiere.base,org.compiere.model,I_AD_AuthorizationProvider,10,0,0,0,3,0,1,0,1,0
coverage-report/org.adempiere.base,org.compiere.model,X_C_JobCategory,141,0,4,0,37,0,21,0,19,0
coverage-report/org.adempiere.base,org.compiere.model,X_CM_ChatUpdate,171,0,12,0,47,0,24,0,18,0
coverage-report/org.adempiere.base,org.compiere.model,I_AD_Field,10,0,0,0,3,0,1,0,1,0
coverage-report/org.adempiere.base,org.compiere.model,I_TestUU,10,0,0,0,3,0,1,0,1,0
coverage-report/org.adempiere.base,org.compiere.model,X_IMP_Processor,332,0,18,0,93,0,52,0,43,0
coverage-report/org.adempiere.base,org.compiere.model,I_I_GLJournal,10,0,0,0,3,0,1,0,1,0
coverage-report/org.adempiere.base,org.compiere.model,X_C_RevenueRecog_Service,190,0,12,0,53,0,28,0,22,0
coverage-report/org.adempiere.base,org.compiere.model,I_C_AddressTransaction,10,0,0,0,3,0,1,0,1,0
coverage-report/org.adempiere.base,org.compiere.model,MShippingTransaction,777,0,50,0,167,0,53,0,28,0
coverage-report/org.adempiere.base,org.compiere.model,MConversionRate,843,0,76,0,204,0,56,0,18,0
coverage-report/org.adempiere.base,org.compiere.model,X_R_ContactInterest,176,0,8,0,46,0,25,0,21,0
coverage-report/org.adempiere.base,org.compiere.model,I_AD_SMTP,10,0,0,0,3,0,1,0,1,0
coverage-report/org.adempiere.base,org.compiere.model,X_EXP_ProcessorParameter,194,0,8,0,52,0,29,0,25,0
coverage-report/org.adempiere.base,org.compiere.model,I_A_Registration,10,0,0,0,3,0,1,0,1,0
coverage-report/org.adempiere.base,org.compiere.model,I_C_Project_Acct,10,0,0,0,3,0,1,0,1,0
coverage-report/org.adempiere.base,org.compiere.model,MCostType,85,0,6,0,19,0,9,0,6,0
coverage-report/org.adempiere.base,org.compiere.model,X_AD_ModelGeneratorTemplate,166,0,4,0,45,0,26,0,24,0
coverage-report/org.adempiere.base,org.compiere.model,X_A_Asset_Delivery,392,0,20,0,104,0,59,0,49,0
coverage-report/org.adempiere.base,org.compiere.model,X_AD_Scheduler,478,0,38,0,127,0,68,0,49,0
coverage-report/org.adempiere.base,org.compiere.model,MQualityTest,47,0,0,0,14,0,4,0,4,0
coverage-report/org.adempiere.base,org.compiere.model,X_C_DocBaseGroup,133,0,4,0,36,0,20,0,18,0
coverage-report/org.adempiere.base,org.compiere.model,MMailText,669,0,90,0,145,0,75,0,30,0
coverage-report/org.adempiere.base,org.compiere.model,MWarehouse,503,0,54,0,111,0,52,0,25,0
coverage-report/org.adempiere.base,org.compiere.model,I_AD_Window,10,0,0,0,3,0,1,0,1,0
coverage-report/org.adempiere.base,org.compiere.model,X_M_PriceList,383,0,38,0,108,0,56,0,37,0
coverage-report/org.adempiere.base,org.compiere.model,I_C_POSPayment,10,0,0,0,3,0,1,0,1,0
coverage-report/org.adempiere.base,org.compiere.model,MOrderTax,603,0,72,0,168,0,48,0,12,0
coverage-report/org.adempiere.base,org.compiere.model,X_C_UOM_Conversion,255,0,20,0,70,0,36,0,26,0
coverage-report/org.adempiere.base,org.compiere.model,MPaymentTerm,801,0,120,0,171,0,78,0,18,0
coverage-report/org.adempiere.base,org.compiere.model,I_AD_LdapProcessor,10,0,0,0,3,0,1,0,1,0
coverage-report/org.adempiere.base,org.compiere.model,X_AD_ZoomCondition,252,0,14,0,68,0,37,0,30,0
coverage-report/org.adempiere.base,org.compiere.model,X_C_ServiceLevelLine,208,0,14,0,58,0,31,0,24,0
coverage-report/org.adempiere.base,org.compiere.model,X_AD_Package_Exp_Detail,991,0,82,0,262,0,139,0,98,0
coverage-report/org.adempiere.base,org.compiere.model,X_AD_TreeNodeBP,180,0,14,0,51,0,26,0,19,0
coverage-report/org.adempiere.base,org.compiere.model,I_AD_ReplicationDocument,10,0,0,0,3,0,1,0,1,0
coverage-report/org.adempiere.base,org.compiere.model,MHierarchy,169,0,22,0,47,0,24,0,13,0
coverage-report/org.adempiere.base,org.compiere.model,X_M_MatchInv,492,0,44,0,136,0,71,0,49,0
coverage-report/org.adempiere.base,org.compiere.model,I_M_LocatorType,10,0,0,0,3,0,1,0,1,0
coverage-report/org.adempiere.base,org.compiere.model,ModelValidationEngine,1814,0,268,0,429,0,155,0,21,0
coverage-report/org.adempiere.base,org.compiere.model,X_AD_TableAttribute,278,0,22,0,77,0,40,0,29,0
coverage-report/org.adempiere.base,org.compiere.model,X_M_ShippingProcessor,183,0,8,0,49,0,27,0,23,0
coverage-report/org.adempiere.base,org.compiere.model,X_R_Group,219,0,12,0,57,0,31,0,25,0
coverage-report/org.adempiere.base,org.compiere.model,MRecentItem,847,0,94,0,177,0,72,0,25,0
coverage-report/org.adempiere.base,org.compiere.model,I_C_BP_Withholding,10,0,0,0,3,0,1,0,1,0
coverage-report/org.adempiere.base,org.compiere.model,X_M_QualityTestResult,255,0,20,0,70,0,38,0,28,0
coverage-report/org.adempiere.base,org.compiere.model,X_T_InventoryValue,558,0,54,0,166,0,84,0,57,0
coverage-report/org.adempiere.base,org.compiere.model,X_C_PaymentTerm,497,0,46,0,148,0,78,0,55,0
coverage-report/org.adempiere.base,org.compiere.model,MFactAcct,264,0,14,0,46,0,16,0,9,0
coverage-report/org.adempiere.base,org.compiere.model,MColorSchema,322,0,52,0,85,0,45,0,19,0
coverage-report/org.adempiere.base,org.compiere.model,MLotCtl,172,0,20,0,53,0,15,0,5,0
coverage-report/org.adempiere.base,org.compiere.model,I_ASP_Form,10,0,0,0,3,0,1,0,1,0
coverage-report/org.adempiere.base,org.compiere.model,I_A_RegistrationAttribute,10,0,0,0,3,0,1,0,1,0
coverage-report/org.adempiere.base,org.compiere.model,MCostQueue,628,0,66,0,173,0,44,0,11,0
coverage-report/org.adempiere.base,org.compiere.model,I_AD_Tab_Customization,10,0,0,0,3,0,1,0,1,0
coverage-report/org.adempiere.base,org.compiere.model,MRevenueRecognitionPlan,349,0,36,0,84,0,23,0,5,0
coverage-report/org.adempiere.base,org.compiere.model,I_M_ChangeRequest,10,0,0,0,3,0,1,0,1,0
coverage-report/org.adempiere.base,org.compiere.model,X_C_Remuneration,239,0,14,0,70,0,38,0,31,0
coverage-report/org.adempiere.base,org.compiere.model,MCashLine,651,0,94,0,159,0,67,0,20,0
coverage-report/org.adempiere.base,org.compiere.model,I_M_ProductionLine,10,0,0,0,3,0,1,0,1,0
coverage-report/org.adempiere.base,org.compiere.model,GridTable,6022,0,1054,0,1442,0,641,0,114,0
coverage-report/org.adempiere.base,org.compiere.model,X_I_ElementValue,597,0,56,0,167,0,89,0,61,0
coverage-report/org.adempiere.base,org.compiere.model,MRequestProcessor,408,0,34,0,109,0,35,0,18,0
coverage-report/org.adempiere.base,org.compiere.model,X_C_RfQ_TopicSubscriberOnly,232,0,16,0,61,0,32,0,24,0
coverage-report/org.adempiere.base,org.compiere.model,X_C_BankAccount_Processor,771,0,98,0,225,0,120,0,71,0
coverage-report/org.adempiere.base,org.compiere.model,X_A_FundingMode_Acct,175,0,10,0,47,0,24,0,19,0
coverage-report/org.adempiere.base,org.compiere.model,X_C_Bank,217,0,12,0,58,0,32,0,26,0
coverage-report/org.adempiere.base,org.compiere.model,I_AD_ReportView_Column,10,0,0,0,3,0,1,0,1,0
coverage-report/org.adempiere.base,org.compiere.model,I_C_PaymentBatch,10,0,0,0,3,0,1,0,1,0
coverage-report/org.adempiere.base,org.compiere.model,MPasswordRule,625,0,80,0,143,0,49,0,9,0
coverage-report/org.adempiere.base,org.compiere.model,MAssetType.Callout,36,0,8,0,11,0,6,0,2,0
coverage-report/org.adempiere.base,org.compiere.model,X_AD_InfoWindow_Access,144,0,8,0,39,0,20,0,16,0
coverage-report/org.adempiere.base,org.compiere.model,I_C_Withholding_Acct,10,0,0,0,3,0,1,0,1,0
coverage-report/org.adempiere.base,org.compiere.model,I_EXP_Format,10,0,0,0,3,0,1,0,1,0
coverage-report/org.adempiere.base,org.compiere.model,MClientInfo,323,0,28,0,83,0,34,0,20,0
coverage-report/org.adempiere.base,org.compiere.model,I_C_TaxProviderCfg,10,0,0,0,3,0,1,0,1,0
coverage-report/org.adempiere.base,org.compiere.model,X_M_Transaction,493,0,42,0,130,0,67,0,46,0
coverage-report/org.adempiere.base,org.compiere.model,MRegistrationAttribute,211,0,10,0,57,0,21,0,16,0
coverage-report/org.adempiere.base,org.compiere.model,X_C_Task,255,0,16,0,69,0,37,0,29,0
coverage-report/org.adempiere.base,org.compiere.model,X_AD_AuthorizationCredential,213,0,8,0,56,0,32,0,28,0
coverage-report/org.adempiere.base,org.compiere.model,X_AD_AttachmentNote,203,0,12,0,54,0,29,0,23,0
coverage-report/org.adempiere.base,org.compiere.model,MRule,468,0,62,0,108,0,52,0,21,0
coverage-report/org.adempiere.base,org.compiere.model,X_AD_Attribute,602,0,54,0,169,0,90,0,63,0
coverage-report/org.adempiere.base,org.compiere.model,I_M_RelatedProduct,10,0,0,0,3,0,1,0,1,0
coverage-report/org.adempiere.base,org.compiere.model,I_M_ShippingTransactionLine,10,0,0,0,3,0,1,0,1,0
coverage-report/org.adempiere.base,org.compiere.model,I_AD_User_Roles,10,0,0,0,3,0,1,0,1,0
coverage-report/org.adempiere.base,org.compiere.model,I_M_CostElement,10,0,0,0,3,0,1,0,1,0
coverage-report/org.adempiere.base,org.compiere.model,I_B_Topic,10,0,0,0,3,0,1,0,1,0
coverage-report/org.adempiere.base,org.compiere.model,X_C_BankStatementMatcher,160,0,6,0,43,0,24,0,21,0
coverage-report/org.adempiere.base,org.compiere.model,I_C_Phase,10,0,0,0,3,0,1,0,1,0
coverage-report/org.adempiere.base,org.compiere.model,X_AD_PrintFormat,682,0,64,0,185,0,96,0,64,0
coverage-report/org.adempiere.base,org.compiere.model,X_C_POSKey,438,0,36,0,119,0,62,0,44,0
coverage-report/org.adempiere.base,org.compiere.model,MForecastLine,89,0,10,0,18,0,11,0,6,0
coverage-report/org.adempiere.base,org.compiere.model,X_AD_ImportTemplate,274,0,12,0,72,0,41,0,35,0
coverage-report/org.adempiere.base,org.compiere.model,I_AD_StorageProvider,10,0,0,0,3,0,1,0,1,0
coverage-report/org.adempiere.base,org.compiere.model,X_C_RfQ_TopicSubscriber,282,0,20,0,74,0,39,0,29,0
coverage-report/org.adempiere.base,org.compiere.model,X_C_Currency_Acct,145,0,8,0,39,0,20,0,16,0
coverage-report/org.adempiere.base,org.compiere.model,X_C_Job,206,0,12,0,55,0,30,0,24,0
coverage-report/org.adempiere.base,org.compiere.model,MUserDefThemeDetail,55,0,2,0,14,0,5,0,4,0
coverage-report/org.adempiere.base,org.compiere.model,I_B_BidComment,10,0,0,0,3,0,1,0,1,0
coverage-report/org.adempiere.base,org.compiere.model,X_M_FreightCategory,152,0,4,0,40,0,23,0,21,0
coverage-report/org.adempiere.base,org.compiere.model,X_R_RequestProcessor_Route,251,0,18,0,67,0,35,0,26,0
coverage-report/org.adempiere.base,org.compiere.model,I_AD_Session,10,0,0,0,3,0,1,0,1,0
coverage-report/org.adempiere.base,org.compiere.model,MAuthorizationCredential,725,0,78,0,145,0,47,0,8,0
coverage-report/org.adempiere.base,org.compiere.model,X_C_InvoiceBatch,365,0,32,0,103,0,54,0,38,0
coverage-report/org.adempiere.base,org.compiere.model,I_M_Requisition,10,0,0,0,3,0,1,0,1,0
coverage-report/org.adempiere.base,org.compiere.model,I_AD_ToolBarButtonRestrict,10,0,0,0,3,0,1,0,1,0
coverage-report/org.adempiere.base,org.compiere.model,MChangeLog,232,0,40,0,62,0,34,0,14,0
coverage-report/org.adempiere.base,org.compiere.model,I_C_BP_EDI,10,0,0,0,3,0,1,0,1,0
coverage-report/org.adempiere.base,org.compiere.model,I_M_MatchInv,10,0,0,0,3,0,1,0,1,0
coverage-report/org.adempiere.base,org.compiere.model,MDocBaseGroup,81,0,6,0,18,0,10,0,7,0
coverage-report/org.adempiere.base,org.compiere.model,I_C_ServiceLevel,10,0,0,0,3,0,1,0,1,0
coverage-report/org.adempiere.base,org.compiere.model,InfoColumnVO,603,0,70,0,155,0,77,0,42,0
coverage-report/org.adempiere.base,org.compiere.model,I_C_AcctSchema,10,0,0,0,3,0,1,0,1,0
coverage-report/org.adempiere.base,org.compiere.model,X_AD_Package_Imp_Backup,325,0,28,0,89,0,47,0,33,0
coverage-report/org.adempiere.base,org.compiere.model,X_M_InOutLineConfirm,376,0,32,0,106,0,55,0,39,0
coverage-report/org.adempiere.base,org.compiere.model,X_CM_ChatType,180,0,8,0,47,0,26,0,22,0
coverage-report/org.adempiere.base,org.compiere.model,MLocationLookup,113,0,16,0,31,0,18,0,10,0
coverage-report/org.adempiere.base,org.compiere.model,I_AD_WF_Process,10,0,0,0,3,0,1,0,1,0
coverage-report/org.adempiere.base,org.compiere.model,I_R_IssueUser,10,0,0,0,3,0,1,0,1,0
coverage-report/org.adempiere.base,org.compiere.model,MProjectTypeTask,34,0,4,0,13,0,6,0,4,0
coverage-report/org.adempiere.base,org.compiere.model,X_AD_LabelPrinterFunction,228,0,12,0,61,0,34,0,28,0
coverage-report/org.adempiere.base,org.compiere.model,X_R_StatusCategory,167,0,8,0,45,0,25,0,21,0
coverage-report/org.adempiere.base,org.compiere.model,MToolBarButtonRestrict,287,0,18,0,38,0,21,0,12,0
coverage-report/org.adempiere.base,org.compiere.model,I_AD_TableAttribute,10,0,0,0,3,0,1,0,1,0
coverage-report/org.adempiere.base,org.compiere.model,MSetup.DimensionIDs,12,0,0,0,5,0,1,0,1,0
coverage-report/org.adempiere.base,org.compiere.model,I_AD_ModelGeneratorTemplate,10,0,0,0,3,0,1,0,1,0
coverage-report/org.adempiere.base,org.compiere.model,I_R_RequestType,10,0,0,0,3,0,1,0,1,0
coverage-report/org.adempiere.base,org.compiere.model,X_M_RMATax,270,0,24,0,77,0,39,0,27,0
coverage-report/org.adempiere.base,org.compiere.model,X_M_AttributeSet,537,0,50,0,153,0,82,0,57,0
coverage-report/org.adempiere.base,org.compiere.model,I_C_DunningRunEntry,10,0,0,0,3,0,1,0,1,0
coverage-report/org.adempiere.base,org.compiere.model,I_PA_Measure,10,0,0,0,3,0,1,0,1,0
coverage-report/org.adempiere.base,org.compiere.model,I_AD_Error,10,0,0,0,3,0,1,0,1,0
coverage-report/org.adempiere.base,org.compiere.model,X_C_AllocationLine,521,0,48,0,143,0,73,0,49,0
coverage-report/org.adempiere.base,org.compiere.model,MBPGroup,349,0,32,0,101,0,39,0,23,0
coverage-report/org.adempiere.base,org.compiere.model,X_M_Product_Category,338,0,26,0,92,0,49,0,36,0
coverage-report/org.adempiere.base,org.compiere.model,InfoRelatedVO,250,0,20,0,56,0,28,0,18,0
coverage-report/org.adempiere.base,org.compiere.model,X_AD_WF_NodeNext,260,0,18,0,71,0,38,0,29,0
coverage-report/org.adempiere.base,org.compiere.model,X_AD_UserDef_Proc,294,0,20,0,78,0,42,0,32,0
coverage-report/org.adempiere.base,org.compiere.model,I_AD_FieldSuggestion,10,0,0,0,3,0,1,0,1,0
coverage-report/org.adempiere.base,org.compiere.model,I_C_InterOrg_Acct,10,0,0,0,3,0,1,0,1,0
coverage-report/org.adempiere.base,org.compiere.model,I_C_CommissionDetail,10,0,0,0,3,0,1,0,1,0
coverage-report/org.adempiere.base,org.compiere.model,X_C_BPartner_Product,270,0,18,0,77,0,41,0,32,0
coverage-report/org.adempiere.base,org.compiere.model,I_M_ProductDownload,10,0,0,0,3,0,1,0,1,0
coverage-report/org.adempiere.base,org.compiere.model,MProcessDrillRule,442,0,60,0,92,0,51,0,21,0
coverage-report/org.adempiere.base,org.compiere.model,MFieldSuggestion,23,0,0,0,8,0,4,0,4,0
coverage-report/org.adempiere.base,org.compiere.model,MCostHistory,634,0,30,0,160,0,25,0,10,0
coverage-report/org.adempiere.base,org.compiere.model,MPaymentProcessor,95,0,4,0,32,0,10,0,8,0
coverage-report/org.adempiere.base,org.compiere.model,X_M_ShippingTransactionLine,423,0,36,0,121,0,63,0,45,0
coverage-report/org.adempiere.base,org.compiere.model,I_AD_PrintFont,10,0,0,0,3,0,1,0,1,0
coverage-report/org.adempiere.base,org.compiere.model,X_A_Asset_Class,277,0,18,0,81,0,43,0,34,0
coverage-report/org.adempiere.base,org.compiere.model,X_PA_SLA_Measure,300,0,26,0,84,0,44,0,31,0
coverage-report/org.adempiere.base,org.compiere.model,X_PA_SLA_Goal,338,0,24,0,94,0,51,0,39,0
coverage-report/org.adempiere.base,org.compiere.model,I_C_OrderLine,10,0,0,0,3,0,1,0,1,0
coverage-report/org.adempiere.base,org.compiere.model,MRoleMenu,18,0,0,0,6,0,3,0,3,0
coverage-report/org.adempiere.base,org.compiere.model,I_AD_Color,10,0,0,0,3,0,1,0,1,0
coverage-report/org.adempiere.base,org.compiere.model,I_ASP_Process_Para,10,0,0,0,3,0,1,0,1,0
coverage-report/org.adempiere.base,org.compiere.model,X_S_Resource,425,0,36,0,122,0,64,0,46,0
coverage-report/org.adempiere.base,org.compiere.model,X_AD_Package_Imp_Inst,307,0,16,0,85,0,49,0,41,0
coverage-report/org.adempiere.base,org.compiere.model,X_M_RequisitionLine,457,0,40,0,125,0,64,0,44,0
coverage-report/org.adempiere.base,org.compiere.model,X_M_ProductPriceVendorBreak,280,0,24,0,81,0,41,0,29,0
coverage-report/org.adempiere.base,org.compiere.model,MDistributionRunLine,243,0,10,0,54,0,26,0,21,0
coverage-report/org.adempiere.base,org.compiere.model,I_C_RfQ,10,0,0,0,3,0,1,0,1,0
coverage-report/org.adempiere.base,org.compiere.model,X_C_DocBaseGroupLine,145,0,8,0,40,0,21,0,17,0
coverage-report/org.adempiere.base,org.compiere.model,I_C_BP_Relation,10,0,0,0,3,0,1,0,1,0
coverage-report/org.adempiere.base,org.compiere.model,MLookupCache,175,0,24,0,43,0,18,0,6,0
coverage-report/org.adempiere.base,org.compiere.model,MPaySelection,143,0,10,0,36,0,12,0,7,0
coverage-report/org.adempiere.base,org.compiere.model,I_A_Asset_Info_Oth,10,0,0,0,3,0,1,0,1,0
coverage-report/org.adempiere.base,org.compiere.model,X_AD_Label,200,0,12,0,53,0,28,0,22,0
coverage-report/org.adempiere.base,org.compiere.model,X_AD_Scheduler_Para,178,0,8,0,48,0,26,0,22,0
coverage-report/org.adempiere.base,org.compiere.model,X_C_BP_Customer_Acct,235,0,14,0,63,0,32,0,25,0
coverage-report/org.adempiere.base,org.compiere.model,MIssue.new InheritableThreadLocal() {...},6,0,0,0,2,0,2,0,2,0
coverage-report/org.adempiere.base,org.compiere.model,I_AD_Task,10,0,0,0,3,0,1,0,1,0
coverage-report/org.adempiere.base,org.compiere.model,X_AD_Package_Exp,333,0,20,0,93,0,53,0,43,0
coverage-report/org.adempiere.base,org.compiere.model,I_C_Department,10,0,0,0,3,0,1,0,1,0
coverage-report/org.adempiere.base,org.compiere.model,X_AD_Package_Imp_Detail,347,0,24,0,95,0,52,0,40,0
coverage-report/org.adempiere.base,org.compiere.model,X_C_Commission,382,0,28,0,102,0,55,0,41,0
coverage-report/org.adempiere.base,org.compiere.model,IAttachmentStore,9,0,2,0,3,0,2,0,1,0
coverage-report/org.adempiere.base,org.compiere.model,ModelValidator,229,0,0,0,59,0,1,0,1,0
coverage-report/org.adempiere.base,org.compiere.model,I_PA_DocumentStatus,10,0,0,0,3,0,1,0,1,0
coverage-report/org.adempiere.base,org.compiere.model,X_AD_TreeBar,234,0,20,0,63,0,33,0,23,0
coverage-report/org.adempiere.base,org.compiere.model,I_AD_Menu,10,0,0,0,3,0,1,0,1,0
coverage-report/org.adempiere.base,org.compiere.model,AccessSqlParser.TableInfo,45,0,4,0,14,0,7,0,5,0
coverage-report/org.adempiere.base,org.compiere.model,I_M_PartType,10,0,0,0,3,0,1,0,1,0
coverage-report/org.adempiere.base,org.compiere.model,MInfoWindowAccess,80,0,6,0,20,0,11,0,8,0
coverage-report/org.adempiere.base,org.compiere.model,I_R_RequestProcessor_Route,10,0,0,0,3,0,1,0,1,0
coverage-report/org.adempiere.base,org.compiere.model,X_M_SerNoCtlExclude,199,0,16,0,55,0,28,0,20,0
coverage-report/org.adempiere.base,org.compiere.model,X_C_TaxDeclarationLine,469,0,42,0,129,0,66,0,45,0
coverage-report/org.adempiere.base,org.compiere.model,X_C_TaxDeclaration,215,0,12,0,59,0,33,0,27,0
coverage-report/org.adempiere.base,org.compiere.model,X_C_Phase,255,0,16,0,69,0,37,0,29,0
coverage-report/org.adempiere.base,org.compiere.model,I_C_Location,10,0,0,0,3,0,1,0,1,0
coverage-report/org.adempiere.base,org.compiere.model,X_C_CashPlanLine,695,0,64,0,187,0,96,0,64,0
coverage-report/org.adempiere.base,org.compiere.model,X_T_1099Extract,511,0,46,0,159,0,82,0,59,0
coverage-report/org.adempiere.base,org.compiere.model,X_C_1099Box,171,0,6,0,46,0,26,0,23,0
coverage-report/org.adempiere.base,org.compiere.model,I_AD_SysConfig,10,0,0,0,3,0,1,0,1,0
coverage-report/org.adempiere.base,org.compiere.model,MTableAttribute,226,0,30,0,60,0,21,0,6,0
coverage-report/org.adempiere.base,org.compiere.model,MDepreciation,766,0,76,0,171,0,66,0,28,0
coverage-report/org.adempiere.base,org.compiere.model,InfoRelatedVO.new Comparator() {...},15,0,0,0,4,0,2,0,2,0
coverage-report/org.adempiere.base,org.compiere.model,MMFAMethod,100,0,12,0,29,0,12,0,6,0
coverage-report/org.adempiere.base,org.compiere.model,X_M_ChangeNotice,230,0,16,0,64,0,35,0,27,0
coverage-report/org.adempiere.base,org.compiere.model,I_IMP_ProcessorParameter,10,0,0,0,3,0,1,0,1,0
coverage-report/org.adempiere.base,org.compiere.model,ImageDBLOBStore,941,0,130,0,250,0,78,0,13,0
coverage-report/org.adempiere.base,org.compiere.model,X_C_Charge_Acct,175,0,10,0,47,0,24,0,19,0
coverage-report/org.adempiere.base,org.compiere.model,X_A_Asset_Retirement,216,0,16,0,60,0,31,0,23,0
coverage-report/org.adempiere.base,org.compiere.model,X_PA_BenchmarkData,197,0,10,0,53,0,29,0,24,0
coverage-report/org.adempiere.base,org.compiere.model,I_AD_Find,10,0,0,0,3,0,1,0,1,0
coverage-report/org.adempiere.base,org.compiere.model,I_AD_Private_Access,10,0,0,0,3,0,1,0,1,0
coverage-report/org.adempiere.base,org.compiere.model,X_AD_Element,229,0,4,0,61,0,37,0,35,0
coverage-report/org.adempiere.base,org.compiere.model,MInventoryLine,1140,0,196,0,264,0,123,0,25,0
coverage-report/org.adempiere.base,org.compiere.model,I_C_InvoiceLine,10,0,0,0,3,0,1,0,1,0
coverage-report/org.adempiere.base,org.compiere.model,X_B_TopicCategory,169,0,8,0,44,0,24,0,20,0
coverage-report/org.adempiere.base,org.compiere.model,MTimeExpense,866,0,110,0,210,0,84,0,29,0
coverage-report/org.adempiere.base,org.compiere.model,X_M_Attribute,382,0,28,0,102,0,55,0,41,0
coverage-report/org.adempiere.base,org.compiere.model,MMeasureCalc,1313,0,174,0,313,0,111,0,24,0
coverage-report/org.adempiere.base,org.compiere.model,X_M_Lot,242,0,12,0,63,0,35,0,29,0
coverage-report/org.adempiere.base,org.compiere.model,MAging,448,0,64,0,110,0,39,0,7,0
coverage-report/org.adempiere.base,org.compiere.model,MCountry,453,0,64,0,123,0,59,0,27,0
coverage-report/org.adempiere.base,org.compiere.model,MStatusLineUsedIn,67,0,6,0,23,0,7,0,4,0
coverage-report/org.adempiere.base,org.compiere.model,X_C_BP_EDI,491,0,40,0,136,0,74,0,54,0
coverage-report/org.adempiere.base,org.compiere.model,X_C_BankAccount,334,0,20,0,92,0,51,0,41,0
coverage-report/org.adempiere.base,org.compiere.model,X_ASP_Ref_List,223,0,16,0,60,0,31,0,23,0
coverage-report/org.adempiere.base,org.compiere.model,MProject,816,0,90,0,196,0,67,0,22,0
coverage-report/org.adempiere.base,org.compiere.model,MAccountLookup,205,0,24,0,54,0,22,0,10,0
coverage-report/org.adempiere.base,org.compiere.model,X_AD_WF_ActivityApprover,173,0,12,0,47,0,24,0,18,0
coverage-report/org.adempiere.base,org.compiere.model,MAcctSchemaElement,1591,0,358,0,406,0,212,0,33,0
coverage-report/org.adempiere.base,org.compiere.model,MCommissionRun,114,0,6,0,33,0,11,0,8,0
coverage-report/org.adempiere.base,org.compiere.model,I_AD_RelationType,10,0,0,0,3,0,1,0,1,0
coverage-report/org.adempiere.base,org.compiere.model,I_M_ShipperPickupTypes,10,0,0,0,3,0,1,0,1,0
coverage-report/org.adempiere.base,org.compiere.model,MInventory,2861,0,366,0,630,0,228,0,45,0
coverage-report/org.adempiere.base,org.compiere.model,I_C_JobAssignment,10,0,0,0,3,0,1,0,1,0
coverage-report/org.adempiere.base,org.compiere.model,I_M_ShipperLabels,10,0,0,0,3,0,1,0,1,0
coverage-report/org.adempiere.base,org.compiere.model,I_M_CostQueue,10,0,0,0,3,0,1,0,1,0
coverage-report/org.adempiere.base,org.compiere.model,X_AD_SchedulerLog,215,0,12,0,60,0,33,0,27,0
coverage-report/org.adempiere.base,org.compiere.model,I_M_ShipperPackaging,10,0,0,0,3,0,1,0,1,0
coverage-report/org.adempiere.base,org.compiere.model,X_AD_ChartDatasource,315,0,14,0,84,0,48,0,41,0
coverage-report/org.adempiere.base,org.compiere.model,MDocumentStatus,603,0,78,0,131,0,58,0,19,0
coverage-report/org.adempiere.base,org.compiere.model,X_C_AddressTransaction,354,0,20,0,97,0,55,0,45,0
coverage-report/org.adempiere.base,org.compiere.model,X_AD_Attachment,253,0,16,0,68,0,37,0,29,0
coverage-report/org.adempiere.base,org.compiere.model,X_A_Asset_Type,174,0,4,0,46,0,27,0,25,0
coverage-report/org.adempiere.base,org.compiere.model,I_AD_ViewColumn,10,0,0,0,3,0,1,0,1,0
coverage-report/org.adempiere.base,org.compiere.model,MLookup,1924,0,298,0,404,0,195,0,46,0
coverage-report/org.adempiere.base,org.compiere.model,MIssueProject,155,0,10,0,47,0,12,0,7,0
coverage-report/org.adempiere.base,org.compiere.model,MRMA,1753,0,226,0,392,0,157,0,44,0
coverage-report/org.adempiere.base,org.compiere.model,X_B_Offer,284,0,20,0,75,0,40,0,30,0
coverage-report/org.adempiere.base,org.compiere.model,I_C_Currency,10,0,0,0,3,0,1,0,1,0
coverage-report/org.adempiere.base,org.compiere.model,I_C_PaymentAllocate,10,0,0,0,3,0,1,0,1,0
coverage-report/org.adempiere.base,org.compiere.model,X_M_CommodityShipment,195,0,12,0,54,0,29,0,23,0
coverage-report/org.adempiere.base,org.compiere.model,MFreightCategory,40,0,0,0,9,0,4,0,4,0
coverage-report/org.adempiere.base,org.compiere.model,X_C_PaySelectionCheck,447,0,44,0,129,0,66,0,44,0
coverage-report/org.adempiere.base,org.compiere.model,MAttachmentNote,44,0,0,0,13,0,4,0,4,0
coverage-report/org.adempiere.base,org.compiere.model,MDocumentActionAccess,57,0,6,0,14,0,10,0,7,0
coverage-report/org.adempiere.base,org.compiere.model,X_AD_Language,354,0,28,0,99,0,54,0,40,0
coverage-report/org.adempiere.base,org.compiere.model,BatchDelete.new TrxEventListener() {...},25,0,2,0,8,0,5,0,4,0
coverage-report/org.adempiere.base,org.compiere.model,I_AD_Label,10,0,0,0,3,0,1,0,1,0
coverage-report/org.adempiere.base,org.compiere.model,X_M_Production,1061,0,100,0,285,0,148,0,98,0
coverage-report/org.adempiere.base,org.compiere.model,X_A_Asset_Info_Lic,241,0,14,0,67,0,37,0,30,0
coverage-report/org.adempiere.base,org.compiere.model,MEXPProcessor,136,0,6,0,37,0,9,0,6,0
coverage-report/org.adempiere.base,org.compiere.model,MInvoice.MatchingRecord,42,0,0,0,1,0,1,0,1,0
coverage-report/org.adempiere.base,org.compiere.model,I_Test,10,0,0,0,3,0,1,0,1,0
coverage-report/org.adempiere.base,org.compiere.model,I_PA_DashboardContent,10,0,0,0,3,0,1,0,1,0
coverage-report/org.adempiere.base,org.compiere.model,I_C_ConversionType,10,0,0,0,3,0,1,0,1,0
coverage-report/org.adempiere.base,org.compiere.model,GridTab,5518,0,840,0,1203,0,597,0,177,0
coverage-report/org.adempiere.base,org.compiere.model,I_C_BankAccount_Acct,10,0,0,0,3,0,1,0,1,0
coverage-report/org.adempiere.base,org.compiere.model,X_C_POS,597,0,50,0,157,0,82,0,57,0
coverage-report/org.adempiere.base,org.compiere.model,I_M_AttributeSetInstance,10,0,0,0,3,0,1,0,1,0
coverage-report/org.adempiere.base,org.compiere.model,X_AD_Tab_Customization,232,0,16,0,64,0,34,0,26,0
coverage-report/org.adempiere.base,org.compiere.model,MInfoWindow,1152,0,158,0,236,0,110,0,31,0
coverage-report/org.adempiere.base,org.compiere.model,MProjectIssue,1097,0,96,0,243,0,90,0,42,0
coverage-report/org.adempiere.base,org.compiere.model,X_R_IssueProject,241,0,12,0,63,0,35,0,29,0
coverage-report/org.adempiere.base,org.compiere.model,X_AD_Role_OrgAccess,131,0,8,0,37,0,19,0,15,0
coverage-report/org.adempiere.base,org.compiere.model,MImportTemplate,1056,0,160,0,261,0,98,0,18,0
coverage-report/org.adempiere.base,org.compiere.model,MMovementConfirm,1406,0,164,0,323,0,114,0,32,0
coverage-report/org.adempiere.base,org.compiere.model,MTaxPostal,47,0,2,0,17,0,8,0,7,0
coverage-report/org.adempiere.base,org.compiere.model,MElementValue,440,0,48,0,110,0,43,0,19,0
coverage-report/org.adempiere.base,org.compiere.model,X_AD_Workflow,854,0,68,0,244,0,131,0,97,0
coverage-report/org.adempiere.base,org.compiere.model,X_AD_Package_UUID_Map,164,0,8,0,44,0,24,0,20,0
coverage-report/org.adempiere.base,org.compiere.model,InfoColumnVO.new Comparator() {...},15,0,0,0,4,0,2,0,2,0
coverage-report/org.adempiere.base,org.compiere.model,X_M_ProductPrice,224,0,18,0,65,0,33,0,24,0
coverage-report/org.adempiere.base,org.compiere.model,MCtxHelpSuggestion,23,0,0,0,8,0,4,0,4,0
coverage-report/org.adempiere.base,org.compiere.model,MReplicationRun,32,0,0,0,11,0,4,0,4,0
coverage-report/org.adempiere.base,org.compiere.model,I_C_BP_BankAccount,10,0,0,0,3,0,1,0,1,0
coverage-report/org.adempiere.base,org.compiere.model,ImageFileStorageImpl,683,0,82,0,170,0,52,0,11,0
coverage-report/org.adempiere.base,org.compiere.model,MEXPFormat,593,0,40,0,100,0,50,0,30,0
coverage-report/org.adempiere.base,org.compiere.model,X_A_Depreciation_Entry,546,0,46,0,150,0,80,0,57,0
coverage-report/org.adempiere.base,org.compiere.model,X_M_Product,1541,0,160,0,439,0,229,0,149,0
coverage-report/org.adempiere.base,org.compiere.model,MIMPProcessor,310,0,14,0,87,0,20,0,13,0
coverage-report/org.adempiere.base,org.compiere.model,MHouseKeeping,48,0,4,0,15,0,6,0,4,0
coverage-report/org.adempiere.base,org.compiere.model,I_M_DiscountSchemaLine,10,0,0,0,3,0,1,0,1,0
coverage-report/org.adempiere.base,org.compiere.model,I_C_BPartner_Product,10,0,0,0,3,0,1,0,1,0
coverage-report/org.adempiere.base,org.compiere.model,MTransaction,132,0,12,0,38,0,13,0,7,0
coverage-report/org.adempiere.base,org.compiere.model,NaturalAccountMap,488,0,102,0,116,0,57,0,6,0
coverage-report/org.adempiere.base,org.compiere.model,I_M_CostType,10,0,0,0,3,0,1,0,1,0
coverage-report/org.adempiere.base,org.compiere.model,I_IMP_ProcessorLog,10,0,0,0,3,0,1,0,1,0
coverage-report/org.adempiere.base,org.compiere.model,I_AD_ExtensionEntity,10,0,0,0,3,0,1,0,1,0
coverage-report/org.adempiere.base,org.compiere.model,I_C_Recurring,10,0,0,0,3,0,1,0,1,0
coverage-report/org.adempiere.base,org.compiere.model,I_M_CostDetail,10,0,0,0,3,0,1,0,1,0
coverage-report/org.adempiere.base,org.compiere.model,X_AD_Tree,375,0,36,0,105,0,55,0,37,0
coverage-report/org.adempiere.base,org.compiere.model,X_AD_Role_Included,163,0,10,0,45,0,23,0,18,0
coverage-report/org.adempiere.base,org.compiere.model,X_C_SubAcct,191,0,8,0,50,0,28,0,24,0
coverage-report/org.adempiere.base,org.compiere.model,MAttributeValue,41,0,0,0,14,0,7,0,7,0
coverage-report/org.adempiere.base,org.compiere.model,I_AD_InfoWindow_Access,10,0,0,0,3,0,1,0,1,0
coverage-report/org.adempiere.base,org.compiere.model,I_AD_ImportTemplateAccess,10,0,0,0,3,0,1,0,1,0
coverage-report/org.adempiere.base,org.compiere.model,I_MFA_Registration,10,0,0,0,3,0,1,0,1,0
coverage-report/org.adempiere.base,org.compiere.model,POIterator,141,0,16,0,28,0,14,0,6,0
coverage-report/org.adempiere.base,org.compiere.model,I_C_DocTypeCounter,10,0,0,0,3,0,1,0,1,0
coverage-report/org.adempiere.base,org.compiere.model,I_AD_Ref_Table,10,0,0,0,3,0,1,0,1,0
coverage-report/org.adempiere.base,org.compiere.model,X_PA_Benchmark,152,0,4,0,40,0,23,0,21,0
coverage-report/org.adempiere.base,org.compiere.model,I_AD_PrintForm,10,0,0,0,3,0,1,0,1,0
coverage-report/org.adempiere.base,org.compiere.model,X_AD_TaskInstance,132,0,8,0,36,0,19,0,15,0
coverage-report/org.adempiere.base,org.compiere.model,MCommissionAmt,220,0,22,0,63,0,22,0,11,0
coverage-report/org.adempiere.base,org.compiere.model,SetGetUtil.GridTab2SetGetModelWrapper,40,0,4,0,13,0,10,0,8,0
coverage-report/org.adempiere.base,org.compiere.model,X_AD_Color,432,0,36,0,127,0,66,0,48,0
coverage-report/org.adempiere.base,org.compiere.model,I_AD_AllUsers_V,10,0,0,0,3,0,1,0,1,0
coverage-report/org.adempiere.base,org.compiere.model,MDunningRun,295,0,28,0,80,0,23,0,9,0
coverage-report/org.adempiere.base,org.compiere.model,X_AD_ReportView_Column,145,0,8,0,39,0,20,0,16,0
coverage-report/org.adempiere.base,org.compiere.model,SetGetUtil,982,0,172,0,228,0,115,0,29,0
coverage-report/org.adempiere.base,org.compiere.model,MEXPFormatLine,146,0,4,0,40,0,12,0,10,0
coverage-report/org.adempiere.base,org.compiere.model,I_T_BankRegister,10,0,0,0,3,0,1,0,1,0
coverage-report/org.adempiere.base,org.compiere.model,I_AD_UserDef_Win,10,0,0,0,3,0,1,0,1,0
coverage-report/org.adempiere.base,org.compiere.model,X_M_DistributionRunLine,285,0,22,0,79,0,41,0,30,0
coverage-report/org.adempiere.base,org.compiere.model,X_PA_Hierarchy,453,0,36,0,117,0,61,0,43,0
coverage-report/org.adempiere.base,org.compiere.model,I_T_BOM_Indented,10,0,0,0,3,0,1,0,1,0
coverage-report/org.adempiere.base,org.compiere.model,MInvoiceBatchLine,102,0,8,0,31,0,10,0,6,0
coverage-report/org.adempiere.base,org.compiere.model,MTree_NodeCMC,158,0,4,0,49,0,9,0,7,0
coverage-report/org.adempiere.base,org.compiere.model,I_AD_WF_Activity,10,0,0,0,3,0,1,0,1,0
coverage-report/org.adempiere.base,org.compiere.model,MFormAccess,92,0,8,0,25,0,13,0,9,0
coverage-report/org.adempiere.base,org.compiere.model,X_A_FundingMode,141,0,4,0,37,0,21,0,19,0
coverage-report/org.adempiere.base,org.compiere.model,X_AD_WorkflowProcessor,332,0,24,0,92,0,49,0,37,0
coverage-report/org.adempiere.base,org.compiere.model,X_M_ShipperPickupTypes,215,0,16,0,58,0,30,0,22,0
coverage-report/org.adempiere.base,org.compiere.model,X_C_PaySelectionLine,425,0,40,0,124,0,64,0,44,0
coverage-report/org.adempiere.base,org.compiere.model,I_A_Asset_Info_Tax,10,0,0,0,3,0,1,0,1,0
coverage-report/org.adempiere.base,org.compiere.model,MTree_NodeCMS,151,0,4,0,47,0,8,0,6,0
coverage-report/org.adempiere.base,org.compiere.model,I_C_TaxCategory,10,0,0,0,3,0,1,0,1,0
coverage-report/org.adempiere.base,org.compiere.model,M_Registration,60,0,4,0,18,0,6,0,4,0
coverage-report/org.adempiere.base,org.compiere.model,I_AD_UserDef_Theme,10,0,0,0,3,0,1,0,1,0
coverage-report/org.adempiere.base,org.compiere.model,I_AD_Window_Access,10,0,0,0,3,0,1,0,1,0
coverage-report/org.adempiere.base,org.compiere.model,X_ASP_ClientLevel,184,0,12,0,50,0,26,0,20,0
coverage-report/org.adempiere.base,org.compiere.model,X_R_IssueRecommendation,141,0,4,0,37,0,21,0,19,0
coverage-report/org.adempiere.base,org.compiere.model,MProductCategoryAcct,316,0,32,0,74,0,34,0,18,0
coverage-report/org.adempiere.base,org.compiere.model,I_AD_WF_ActivityResult,10,0,0,0,3,0,1,0,1,0
coverage-report/org.adempiere.base,org.compiere.model,X_AD_Replication,385,0,30,0,109,0,59,0,44,0
coverage-report/org.adempiere.base,org.compiere.model,MChangeNotice,34,0,4,0,13,0,6,0,4,0
coverage-report/org.adempiere.base,org.compiere.model,MOpportunity,49,0,4,0,13,0,7,0,5,0
coverage-report/org.adempiere.base,org.compiere.model,I_M_SerNoCtlExclude,10,0,0,0,3,0,1,0,1,0
coverage-report/org.adempiere.base,org.compiere.model,X_AD_RequiredPlugin,95,0,0,0,25,0,15,0,15,0
coverage-report/org.adempiere.base,org.compiere.model,I_C_TaxDeclarationAcct,10,0,0,0,3,0,1,0,1,0
coverage-report/org.adempiere.base,org.compiere.model,X_C_CountryGroupCountry,195,0,12,0,53,0,28,0,22,0
coverage-report/org.adempiere.base,org.compiere.model,I_AD_Scheduler_Para,10,0,0,0,3,0,1,0,1,0
coverage-report/org.adempiere.base,org.compiere.model,MMFARegistration,266,0,10,0,55,0,15,0,10,0
coverage-report/org.adempiere.base,org.compiere.model,X_EXP_FormatLine,382,0,28,0,104,0,56,0,42,0
coverage-report/org.adempiere.base,org.compiere.model,MForecast,18,0,0,0,6,0,3,0,3,0
coverage-report/org.adempiere.base,org.compiere.model,MSequence.SequenceNoKeyParts,334,0,48,0,79,0,34,0,10,0
coverage-report/org.adempiere.base,org.compiere.model,I_C_Subscription_Delivery,10,0,0,0,3,0,1,0,1,0
coverage-report/org.adempiere.base,org.compiere.model,MCity,148,0,10,0,42,0,20,0,15,0
coverage-report/org.adempiere.base,org.compiere.model,X_R_RequestAction,1094,0,94,0,292,0,153,0,106,0
coverage-report/org.adempiere.base,org.compiere.model,MShipperLabels,57,0,0,0,12,0,6,0,6,0
coverage-report/org.adempiere.base,org.compiere.model,X_TestUUDet,103,0,0,0,27,0,16,0,16,0
coverage-report/org.adempiere.base,org.compiere.model,MProductCategory.SimpleTreeNode,15,0,0,0,6,0,3,0,3,0
coverage-report/org.adempiere.base,org.compiere.model,MProjectType,508,0,50,0,147,0,42,0,17,0
coverage-report/org.adempiere.base,org.compiere.model,MPrintHeaderFooter,18,0,0,0,6,0,3,0,3,0
coverage-report/org.adempiere.base,org.compiere.model,I_AD_ModelValidator,10,0,0,0,3,0,1,0,1,0
coverage-report/org.adempiere.base,org.compiere.model,MVerifyMigration,153,0,20,0,42,0,15,0,5,0
coverage-report/org.adempiere.base,org.compiere.model,X_AD_Style,159,0,8,0,44,0,24,0,20,0
coverage-report/org.adempiere.base,org.compiere.model,I_C_RecurringGroup,10,0,0,0,3,0,1,0,1,0
coverage-report/org.adempiere.base,org.compiere.model,X_AD_Org,178,0,8,0,47,0,26,0,22,0
coverage-report/org.adempiere.base,org.compiere.model,I_AD_Registration,10,0,0,0,3,0,1,0,1,0
coverage-report/org.adempiere.base,org.compiere.model,I_I_BankStatement,10,0,0,0,3,0,1,0,1,0
coverage-report/org.adempiere.base,org.compiere.model,I_C_PeriodControl,10,0,0,0,3,0,1,0,1,0
coverage-report/org.adempiere.base,org.compiere.model,ImageDBStorageImpl,234,0,24,0,63,0,18,0,6,0
coverage-report/org.adempiere.base,org.compiere.model,X_MFA_Method,312,0,16,0,84,0,47,0,39,0
coverage-report/org.adempiere.base,org.compiere.model,MAuthorizationScopeProv,18,0,0,0,6,0,3,0,3,0
coverage-report/org.adempiere.base,org.compiere.model,I_M_ProductionPlan,10,0,0,0,3,0,1,0,1,0
coverage-report/org.adempiere.base,org.compiere.model,I_AD_AuthorizationCredential,10,0,0,0,3,0,1,0,1,0
coverage-report/org.adempiere.base,org.compiere.model,X_T_Spool,123,0,6,0,34,0,18,0,15,0
coverage-report/org.adempiere.base,org.compiere.model,I_C_Subscription,10,0,0,0,3,0,1,0,1,0
coverage-report/org.adempiere.base,org.compiere.model,I_A_Asset_Class,10,0,0,0,3,0,1,0,1,0
coverage-report/org.adempiere.base,org.compiere.model,I_M_ShipperCfg,10,0,0,0,3,0,1,0,1,0
coverage-report/org.adempiere.base,org.compiere.model,I_M_DemandLine,10,0,0,0,3,0,1,0,1,0
coverage-report/org.adempiere.base,org.compiere.model,X_AD_StatusLine,219,0,12,0,57,0,31,0,25,0
coverage-report/org.adempiere.base,org.compiere.model,X_A_RegistrationProduct,156,0,8,0,42,0,22,0,18,0
coverage-report/org.adempiere.base,org.compiere.model,X_CM_Chat,252,0,16,0,68,0,37,0,29,0
coverage-report/org.adempiere.base,org.compiere.model,X_C_OrderLandedCostAllocation,250,0,22,0,73,0,37,0,26,0
coverage-report/org.adempiere.base,org.compiere.model,X_M_ShipperPickupTypesCfg,206,0,12,0,55,0,30,0,24,0
coverage-report/org.adempiere.base,org.compiere.model,MColor,88,0,12,0,19,0,12,0,6,0
coverage-report/org.adempiere.base,org.compiere.model,X_C_Withholding_Acct,175,0,10,0,47,0,24,0,19,0
coverage-report/org.adempiere.base,org.compiere.model,I_R_GroupUpdates,10,0,0,0,3,0,1,0,1,0
coverage-report/org.adempiere.base,org.compiere.model,X_M_ForecastLine,344,0,28,0,93,0,48,0,34,0
coverage-report/org.adempiere.base,org.compiere.model,X_C_PaymentAllocate,322,0,28,0,93,0,48,0,34,0
coverage-report/org.adempiere.base,org.compiere.model,X_AD_Task_Access,170,0,12,0,47,0,24,0,18,0
coverage-report/org.adempiere.base,org.compiere.model,I_AD_PrintColor,10,0,0,0,3,0,1,0,1,0
coverage-report/org.adempiere.base,org.compiere.model,MSchedulerRecipient,92,0,2,0,25,0,9,0,8,0
coverage-report/org.adempiere.base,org.compiere.model,MIndexColumn,84,0,4,0,21,0,8,0,6,0
coverage-report/org.adempiere.base,org.compiere.model,I_C_Task,10,0,0,0,3,0,1,0,1,0
coverage-report/org.adempiere.base,org.compiere.model,I_AD_IndexColumn,10,0,0,0,3,0,1,0,1,0
coverage-report/org.adempiere.base,org.compiere.model,X_M_AttributeValue,191,0,8,0,50,0,28,0,24,0
coverage-report/org.adempiere.base,org.compiere.model,I_C_NonBusinessDay,10,0,0,0,3,0,1,0,1,0
coverage-report/org.adempiere.base,org.compiere.model,X_AD_PrintFormatItem,1471,0,166,0,431,0,223,0,140,0
coverage-report/org.adempiere.base,org.compiere.model,I_C_RfQResponseLine,10,0,0,0,3,0,1,0,1,0
coverage-report/org.adempiere.base,org.compiere.model,POInfoColumn,261,0,28,0,69,0,16,0,2,0
coverage-report/org.adempiere.base,org.compiere.model,I_A_Asset_Group_Acct,10,0,0,0,3,0,1,0,1,0
coverage-report/org.adempiere.base,org.compiere.model,X_C_BPartner_Location,421,0,36,0,116,0,62,0,44,0
coverage-report/org.adempiere.base,org.compiere.model,MSearchDefinition,119,0,14,0,40,0,12,0,5,0
coverage-report/org.adempiere.base,org.compiere.model,I_C_RfQLineQty,10,0,0,0,3,0,1,0,1,0
coverage-report/org.adempiere.base,org.compiere.model,X_S_TimeExpense,370,0,30,0,103,0,55,0,40,0
coverage-report/org.adempiere.base,org.compiere.model,MForm,176,0,18,0,42,0,21,0,12,0
coverage-report/org.adempiere.base,org.compiere.model,I_T_Report,10,0,0,0,3,0,1,0,1,0
coverage-report/org.adempiere.base,org.compiere.model,MLookupInfo,321,0,14,0,100,0,14,0,7,0
coverage-report/org.adempiere.base,org.compiere.model,X_T_Report,800,0,82,0,260,0,132,0,91,0
coverage-report/org.adempiere.base,org.compiere.model,MTaxDeclarationAcct,41,0,0,0,12,0,4,0,4,0
coverage-report/org.adempiere.base,org.compiere.model,X_CM_ChatEntry,315,0,20,0,83,0,45,0,35,0
coverage-report/org.adempiere.base,org.compiere.model,I_I_ReportLine,10,0,0,0,3,0,1,0,1,0
coverage-report/org.adempiere.base,org.compiere.model,MCostDetail,4145,0,698,0,964,0,400,0,51,0
coverage-report/org.adempiere.base,org.compiere.model,MShipperLabelsCfg,18,0,0,0,6,0,3,0,3,0
coverage-report/org.adempiere.base,org.compiere.model,X_AD_CtxHelpMsg,145,0,8,0,40,0,21,0,17,0
coverage-report/org.adempiere.base,org.compiere.model,BatchDelete,966,0,160,0,232,0,89,0,9,0
coverage-report/org.adempiere.base,org.compiere.model,X_AD_SearchDefinition,437,0,32,0,116,0,62,0,46,0
coverage-report/org.adempiere.base,org.compiere.model,I_B_Offer,10,0,0,0,3,0,1,0,1,0
coverage-report/org.adempiere.base,org.compiere.model,X_I_BankStatement,983,0,64,0,274,0,154,0,122,0
coverage-report/org.adempiere.base,org.compiere.model,I_AD_User_Substitute,10,0,0,0,3,0,1,0,1,0
coverage-report/org.adempiere.base,org.compiere.model,MRequestCategory,120,0,8,0,33,0,17,0,13,0
coverage-report/org.adempiere.base,org.compiere.model,I_A_Asset_Acct,10,0,0,0,3,0,1,0,1,0
coverage-report/org.adempiere.base,org.compiere.model,I_AD_Replication_Log,10,0,0,0,3,0,1,0,1,0
coverage-report/org.adempiere.base,org.compiere.model,I_R_RequestTypeUpdates,10,0,0,0,3,0,1,0,1,0
coverage-report/org.adempiere.base,org.compiere.model,X_AD_UserDef_Field,891,0,62,0,240,0,131,0,100,0
coverage-report/org.adempiere.base,org.compiere.model,I_M_InventoryLineMA,10,0,0,0,3,0,1,0,1,0
coverage-report/org.adempiere.base,org.compiere.model,X_AD_ReportView_Col,219,0,16,0,59,0,31,0,23,0
coverage-report/org.adempiere.base,org.compiere.model,X_C_ProjectIssueMA,170,0,10,0,46,0,24,0,19,0
coverage-report/org.adempiere.base,org.compiere.model,I_AD_Wlistbox_Customization,10,0,0,0,3,0,1,0,1,0
coverage-report/org.adempiere.base,org.compiere.model,ServerStateChangeEvent,14,0,0,0,6,0,3,0,3,0
coverage-report/org.adempiere.base,org.compiere.model,I_PA_GoalRestriction,10,0,0,0,3,0,1,0,1,0
coverage-report/org.adempiere.base,org.compiere.model,X_AD_LdapProcessor,255,0,16,0,70,0,38,0,30,0
coverage-report/org.adempiere.base,org.compiere.model,MAchievement,123,0,10,0,34,0,16,0,11,0
coverage-report/org.adempiere.base,org.compiere.model,X_M_Movement,1162,0,108,0,316,0,165,0,111,0
coverage-report/org.adempiere.base,org.compiere.model,X_A_Depreciation_Workfile,857,0,86,0,267,0,139,0,96,0
coverage-report/org.adempiere.base,org.compiere.model,X_AD_InfoWindow,576,0,50,0,161,0,86,0,61,0
coverage-report/org.adempiere.base,org.compiere.model,X_C_DunningRun,267,0,20,0,73,0,39,0,29,0
coverage-report/org.adempiere.base,org.compiere.model,X_I_InOutLineConfirm,305,0,26,0,89,0,47,0,34,0
coverage-report/org.adempiere.base,org.compiere.model,I_C_OrgAssignment,10,0,0,0,3,0,1,0,1,0
coverage-report/org.adempiere.base,org.compiere.model,I_T_ReportStatement,10,0,0,0,3,0,1,0,1,0
coverage-report/org.adempiere.base,org.compiere.model,X_AD_StyleLine,206,0,10,0,56,0,31,0,26,0
coverage-report/org.adempiere.base,org.compiere.model,X_C_BankAccount_Acct,325,0,20,0,87,0,44,0,34,0
coverage-report/org.adempiere.base,org.compiere.model,X_M_AttributeSearch,130,0,4,0,34,0,19,0,17,0
coverage-report/org.adempiere.base,org.compiere.model,I_C_BP_ShippingAcct,10,0,0,0,3,0,1,0,1,0
coverage-report/org.adempiere.base,org.compiere.model,MWithholding,30,0,4,0,9,0,6,0,4,0
coverage-report/org.adempiere.base,org.compiere.model,I_M_RMAType,10,0,0,0,3,0,1,0,1,0
coverage-report/org.adempiere.base,org.compiere.model,I_C_Bank,10,0,0,0,3,0,1,0,1,0
coverage-report/org.adempiere.base,org.compiere.model,MProduct,2082,0,312,0,468,0,221,0,65,0
coverage-report/org.adempiere.base,org.compiere.model,X_M_PartType,122,0,4,0,33,0,18,0,16,0
coverage-report/org.adempiere.base,org.compiere.model,X_AD_Preference,331,0,24,0,87,0,46,0,34,0
coverage-report/org.adempiere.base,org.compiere.model,I_A_Asset_Transfer,10,0,0,0,3,0,1,0,1,0
coverage-report/org.adempiere.base,org.compiere.model,I_AD_AttachmentNote,10,0,0,0,3,0,1,0,1,0
coverage-report/org.adempiere.base,org.compiere.model,X_S_ResourceType,585,0,62,0,167,0,87,0,56,0
coverage-report/org.adempiere.base,org.compiere.model,X_R_InterestArea,167,0,8,0,45,0,25,0,21,0
coverage-report/org.adempiere.base,org.compiere.model,I_AD_UserDef_Info_Column,10,0,0,0,3,0,1,0,1,0
coverage-report/org.adempiere.base,org.compiere.model,I_ASP_Workflow,10,0,0,0,3,0,1,0,1,0
coverage-report/org.adempiere.base,org.compiere.model,MUserRoles,215,0,18,0,49,0,19,0,10,0
coverage-report/org.adempiere.base,org.compiere.model,I_AD_HouseKeeping,10,0,0,0,3,0,1,0,1,0
coverage-report/org.adempiere.base,org.compiere.model,X_SSO_PrincipalConfig,275,0,12,0,75,0,43,0,37,0
coverage-report/org.adempiere.base,org.compiere.model,I_AD_WorkflowProcessor,10,0,0,0,3,0,1,0,1,0
coverage-report/org.adempiere.base,org.compiere.model,I_M_ProductionLineMA,10,0,0,0,3,0,1,0,1,0
coverage-report/org.adempiere.base,org.compiere.model,MInOut.new TrxEventListener() {...},40,0,2,0,8,0,5,0,4,0
coverage-report/org.adempiere.base,org.compiere.model,I_AD_Note,10,0,0,0,3,0,1,0,1,0
coverage-report/org.adempiere.base,org.compiere.model,SystemIDs,3,0,0,0,1,0,1,0,1,0
coverage-report/org.adempiere.base,org.compiere.model,MWindowAccess,91,0,8,0,25,0,13,0,9,0
coverage-report/org.adempiere.base,org.compiere.model,X_AD_AlertProcessorLog,215,0,12,0,60,0,33,0,27,0
coverage-report/org.adempiere.base,org.compiere.model,X_A_Depreciation_Exp,767,0,72,0,223,0,115,0,79,0
coverage-report/org.adempiere.base,org.compiere.model,X_C_BP_Group_Acct,510,0,34,0,136,0,69,0,52,0
coverage-report/org.adempiere.base,org.compiere.model,I_C_DunningLevel,10,0,0,0,3,0,1,0,1,0
coverage-report/org.adempiere.base,org.compiere.model,MAttachmentEntry,740,0,76,0,173,0,71,0,33,0
coverage-report/org.adempiere.base,org.compiere.model,MLocator,398,0,24,0,116,0,36,0,24,0
coverage-report/org.adempiere.base,org.compiere.model,I_C_Withholding,10,0,0,0,3,0,1,0,1,0
coverage-report/org.adempiere.base,org.compiere.model,I_M_FreightCategory,10,0,0,0,3,0,1,0,1,0
coverage-report/org.adempiere.base,org.compiere.model,X_A_Depreciation_Table_Header,174,0,8,0,48,0,27,0,23,0
coverage-report/org.adempiere.base,org.compiere.model,X_C_PeriodControl,202,0,12,0,55,0,30,0,24,0
coverage-report/org.adempiere.base,org.compiere.model,I_B_Bid,10,0,0,0,3,0,1,0,1,0
coverage-report/org.adempiere.base,org.compiere.model,MDocumentStatusAccess,18,0,0,0,6,0,3,0,3,0
coverage-report/org.adempiere.base,org.compiere.model,I_C_OrderLandedCostAllocation,10,0,0,0,3,0,1,0,1,0
coverage-report/org.adempiere.base,org.compiere.model,MCampaign,65,0,16,0,18,0,13,0,5,0
coverage-report/org.adempiere.base,org.compiere.model,X_A_Depreciation_Method,179,0,8,0,48,0,27,0,23,0
coverage-report/org.adempiere.base,org.compiere.model,I_C_UserRemuneration,10,0,0,0,3,0,1,0,1,0
coverage-report/org.adempiere.base,org.compiere.model,I_C_JobRemuneration,10,0,0,0,3,0,1,0,1,0
coverage-report/org.adempiere.base,org.compiere.model,I_ASP_Window,10,0,0,0,3,0,1,0,1,0
coverage-report/org.adempiere.base,org.compiere.model,MRfQResponseLine,308,0,42,0,69,0,31,0,10,0
coverage-report/org.adempiere.base,org.compiere.model,I_R_RequestUpdate,10,0,0,0,3,0,1,0,1,0
coverage-report/org.adempiere.base,org.compiere.model,X_MFA_Rule,145,0,8,0,40,0,21,0,17,0
coverage-report/org.adempiere.base,org.compiere.model,Scriptlet,524,0,78,0,142,0,60,0,21,0
coverage-report/org.adempiere.base,org.compiere.model,MPackageExpDetail,158,0,36,0,46,0,23,0,5,0
coverage-report/org.adempiere.base,org.compiere.model,X_I_Inventory,715,0,56,0,198,0,107,0,79,0
coverage-report/org.adempiere.base,org.compiere.model,MTaxProviderCfg,18,0,0,0,6,0,3,0,3,0
coverage-report/org.adempiere.base,org.compiere.model,X_R_Request,1663,0,148,0,445,0,234,0,160,0
coverage-report/org.adempiere.base,org.compiere.model,I_S_ResourceUnAvailable,10,0,0,0,3,0,1,0,1,0
coverage-report/org.adempiere.base,org.compiere.model,I_C_RevenueRecognition_Plan,10,0,0,0,3,0,1,0,1,0
coverage-report/org.adempiere.base,org.compiere.model,MUserDefInfoRelated,83,0,4,0,27,0,6,0,4,0
coverage-report/org.adempiere.base,org.compiere.model,I_A_Depreciation_Table_Header,10,0,0,0,3,0,1,0,1,0
coverage-report/org.adempiere.base,org.compiere.model,I_A_Asset_Addition,10,0,0,0,3,0,1,0,1,0
coverage-report/org.adempiere.base,org.compiere.model,X_AD_Table_ScriptValidator,212,0,14,0,57,0,30,0,23,0
coverage-report/org.adempiere.base,org.compiere.model,X_M_BOMAlternative,169,0,8,0,44,0,24,0,20,0
coverage-report/org.adempiere.base,org.compiere.model,X_C_RevenueRecognition,205,0,12,0,57,0,31,0,25,0
coverage-report/org.adempiere.base,org.compiere.model,MSerNoCtl,163,0,20,0,51,0,15,0,5,0
coverage-report/org.adempiere.base,org.compiere.model,I_M_AttributeInstance,10,0,0,0,3,0,1,0,1,0
coverage-report/org.adempiere.base,org.compiere.model,I_C_ChargeType,10,0,0,0,3,0,1,0,1,0
coverage-report/org.adempiere.base,org.compiere.model,I_C_DocBaseGroupLine,10,0,0,0,3,0,1,0,1,0
coverage-report/org.adempiere.base,org.compiere.model,X_AD_RecentItem,327,0,28,0,88,0,45,0,31,0
coverage-report/org.adempiere.base,org.compiere.model,I_PA_ColorSchema,10,0,0,0,3,0,1,0,1,0
coverage-report/org.adempiere.base,org.compiere.model,MCash,1556,0,158,0,355,0,117,0,38,0
coverage-report/org.adempiere.base,org.compiere.model,X_PA_DashboardPreference,318,0,30,0,91,0,46,0,31,0
coverage-report/org.adempiere.base,org.compiere.model,X_AD_Sequence,428,0,36,0,124,0,67,0,49,0
coverage-report/org.adempiere.base,org.compiere.model,X_AD_Sequence_Audit,183,0,12,0,50,0,26,0,20,0
coverage-report/org.adempiere.base,org.compiere.model,I_T_Spool,10,0,0,0,3,0,1,0,1,0
coverage-report/org.adempiere.base,org.compiere.model,I_AD_PrintLabel,10,0,0,0,3,0,1,0,1,0
coverage-report/org.adempiere.base,org.compiere.model,MCountry.new ImmutableIntPOCache() {...},15,0,2,0,4,0,3,0,2,0
coverage-report/org.adempiere.base,org.compiere.model,X_AD_HouseKeeping,332,0,22,0,92,0,51,0,40,0
coverage-report/org.adempiere.base,org.compiere.model,I_AD_LabelCategoryTable,10,0,0,0,3,0,1,0,1,0
coverage-report/org.adempiere.base,org.compiere.model,MTaxCategory,95,0,8,0,29,0,10,0,6,0
coverage-report/org.adempiere.base,org.compiere.model,X_AD_Client,509,0,34,0,142,0,80,0,63,0
coverage-report/org.adempiere.base,org.compiere.model,MProcess,930,0,96,0,196,0,91,0,43,0
coverage-report/org.adempiere.base,org.compiere.model,MDepositBatchLine,296,0,38,0,68,0,31,0,12,0
coverage-report/org.adempiere.base,org.compiere.model,X_M_ShippingProcessorCfg,234,0,8,0,64,0,37,0,33,0
coverage-report/org.adempiere.base,org.compiere.model,MPasswordHistory,64,0,2,0,20,0,6,0,5,0
coverage-report/org.adempiere.base,org.compiere.model,I_PA_ReportLine,10,0,0,0,3,0,1,0,1,0
coverage-report/org.adempiere.base,org.compiere.model,I_AD_Scheduler,10,0,0,0,3,0,1,0,1,0
coverage-report/org.adempiere.base,org.compiere.model,X_R_RequestProcessor,390,0,30,0,108,0,57,0,42,0
coverage-report/org.adempiere.base,org.compiere.model,X_M_AttributeInstance,242,0,14,0,65,0,35,0,28,0
coverage-report/org.adempiere.base,org.compiere.model,X_AD_WF_NextCondition,266,0,14,0,72,0,40,0,33,0
coverage-report/org.adempiere.base,org.compiere.model,I_CM_ChatUpdate,10,0,0,0,3,0,1,0,1,0
coverage-report/org.adempiere.base,org.compiere.model,MLot,164,0,2,0,44,0,10,0,9,0
coverage-report/org.adempiere.base,org.compiere.model,MStorageReservationLog,18,0,0,0,6,0,3,0,3,0
coverage-report/org.adempiere.base,org.compiere.model,I_C_Element,10,0,0,0,3,0,1,0,1,0
coverage-report/org.adempiere.base,org.compiere.model,X_AD_Reference,250,0,12,0,67,0,38,0,32,0
coverage-report/org.adempiere.base,org.compiere.model,MSysConfig,775,0,130,0,219,0,96,0,31,0
coverage-report/org.adempiere.base,org.compiere.model,I_AD_UserQuery,10,0,0,0,3,0,1,0,1,0
coverage-report/org.adempiere.base,org.compiere.model,X_C_OrgAssignment,167,0,8,0,46,0,25,0,21,0
coverage-report/org.adempiere.base,org.compiere.model,X_B_BidComment,184,0,12,0,50,0,26,0,20,0
coverage-report/org.adempiere.base,org.compiere.model,X_AD_PrintGraph,414,0,32,0,107,0,56,0,40,0
coverage-report/org.adempiere.base,org.compiere.model,X_AD_WorkflowProcessorLog,215,0,12,0,60,0,33,0,27,0
coverage-report/org.adempiere.base,org.compiere.model,MPInstance.PInstanceInfo,21,0,0,0,7,0,1,0,1,0
coverage-report/org.adempiere.base,org.compiere.model,MUser,1993,0,326,0,482,0,225,0,62,0
coverage-report/org.adempiere.base,org.compiere.model,I_AD_TreeBar,10,0,0,0,3,0,1,0,1,0
coverage-report/org.adempiere.base,org.compiere.model,I_C_SubAcct,10,0,0,0,3,0,1,0,1,0
coverage-report/org.adempiere.base,org.compiere.model,I_C_BankStatementLine,10,0,0,0,3,0,1,0,1,0
coverage-report/org.adempiere.base,org.compiere.model,MColumn,2958,0,588,0,655,0,345,0,51,0
coverage-report/org.adempiere.base,org.compiere.model,MRMALine,1232,0,202,0,279,0,137,0,36,0
coverage-report/org.adempiere.base,org.compiere.model,MAssetClass,425,0,58,0,103,0,49,0,20,0
coverage-report/org.adempiere.base,org.compiere.model,X_AD_ToolBarButton,446,0,34,0,125,0,68,0,51,0
coverage-report/org.adempiere.base,org.compiere.model,MReplication,22,0,0,0,8,0,4,0,4,0
coverage-report/org.adempiere.base,org.compiere.model,X_CM_ChatTypeUpdate,171,0,12,0,47,0,24,0,18,0
coverage-report/org.adempiere.base,org.compiere.model,I_AD_Package_Imp_Backup,10,0,0,0,3,0,1,0,1,0
coverage-report/org.adempiere.base,org.compiere.model,MUserMail,186,0,18,0,46,0,21,0,12,0
coverage-report/org.adempiere.base,org.compiere.model,X_AD_PInstance,544,0,46,0,147,0,78,0,55,0
coverage-report/org.adempiere.base,org.compiere.model,X_C_DepositBatch,339,0,22,0,93,0,51,0,40,0
coverage-report/org.adempiere.base,org.compiere.model,MField,401,0,80,0,99,0,57,0,17,0
coverage-report/org.adempiere.base,org.compiere.model,MDistributionRun,106,0,6,0,28,0,7,0,4,0
coverage-report/org.adempiere.base,org.compiere.model,X_M_LotCtlExclude,199,0,16,0,55,0,28,0,20,0
coverage-report/org.adempiere.base,org.compiere.model,I_M_Product,10,0,0,0,3,0,1,0,1,0
coverage-report/org.adempiere.base,org.compiere.model,X_AD_AllUsers_V,409,0,30,0,116,0,64,0,49,0
coverage-report/org.adempiere.base,org.compiere.model,I_AD_Val_Rule,10,0,0,0,3,0,1,0,1,0
coverage-report/org.adempiere.base,org.compiere.model,MFreight,83,0,0,0,14,0,4,0,4,0
coverage-report/org.adempiere.base,org.compiere.model,I_AD_Style,10,0,0,0,3,0,1,0,1,0
coverage-report/org.adempiere.base,org.compiere.model,I_C_OrderSource,10,0,0,0,3,0,1,0,1,0
coverage-report/org.adempiere.base,org.compiere.model,MBPBankAccount,338,0,48,0,91,0,41,0,17,0
coverage-report/org.adempiere.base,org.compiere.model,X_A_Asset_Use,184,0,10,0,50,0,27,0,22,0
coverage-report/org.adempiere.base,org.compiere.model,MUserDefTab,165,0,8,0,46,0,16,0,12,0
coverage-report/org.adempiere.base,org.compiere.model,I_AD_AuthorizationScopeProv,10,0,0,0,3,0,1,0,1,0
coverage-report/org.adempiere.base,org.compiere.model,X_M_StorageOnHand,222,0,14,0,61,0,32,0,25,0
coverage-report/org.adempiere.base,org.compiere.model,X_C_Subscription_Delivery,143,0,8,0,38,0,20,0,16,0
coverage-report/org.adempiere.base,org.compiere.model,X_C_Cycle,169,0,8,0,44,0,24,0,20,0
coverage-report/org.adempiere.base,org.compiere.model,X_C_POSPayment,446,0,26,0,124,0,70,0,57,0
coverage-report/org.adempiere.base,org.compiere.model,I_C_AllocationLine,10,0,0,0,3,0,1,0,1,0
coverage-report/org.adempiere.base,org.compiere.model,X_C_Tax,715,0,70,0,196,0,102,0,67,0
coverage-report/org.adempiere.base,org.compiere.model,I_M_AttributeSet,10,0,0,0,3,0,1,0,1,0
coverage-report/org.adempiere.base,org.compiere.model,I_M_ProductPriceVendorBreak,10,0,0,0,3,0,1,0,1,0
coverage-report/org.adempiere.base,org.compiere.model,X_AD_Val_Rule,163,0,4,0,43,0,25,0,23,0
coverage-report/org.adempiere.base,org.compiere.model,I_M_LotCtlExclude,10,0,0,0,3,0,1,0,1,0
coverage-report/org.adempiere.base,org.compiere.model,I_I_FAJournal,10,0,0,0,3,0,1,0,1,0
coverage-report/org.adempiere.base,org.compiere.model,MDunning,45,0,0,0,12,0,5,0,5,0
coverage-report/org.adempiere.base,org.compiere.model,I_AD_UserDef_Theme_Detail,10,0,0,0,3,0,1,0,1,0
coverage-report/org.adempiere.base,org.compiere.model,MLdapProcessorLog,48,0,4,0,17,0,7,0,5,0
coverage-report/org.adempiere.base,org.compiere.model,MProjectTask,252,0,16,0,63,0,19,0,11,0
coverage-report/org.adempiere.base,org.compiere.model,ArchiveFileSystem,661,0,80,0,169,0,52,0,12,0
coverage-report/org.adempiere.base,org.compiere.model,MClient,1932,0,226,0,491,0,176,0,63,0
coverage-report/org.adempiere.base,org.compiere.model,X_AD_UserMail,281,0,12,0,75,0,43,0,37,0
coverage-report/org.adempiere.base,org.compiere.model,X_M_MovementLineConfirm,326,0,28,0,93,0,48,0,34,0
coverage-report/org.adempiere.base,org.compiere.model,X_C_ProjectTask,340,0,24,0,94,0,50,0,38,0
coverage-report/org.adempiere.base,org.compiere.model,I_C_RfQLine,10,0,0,0,3,0,1,0,1,0
coverage-report/org.adempiere.base,org.compiere.model,X_AD_Column,1247,0,114,0,349,0,187,0,130,0
coverage-report/org.adempiere.base,org.compiere.model,X_C_AcctSchema_Element,969,0,94,0,254,0,129,0,82,0
coverage-report/org.adempiere.base,org.compiere.model,X_AD_AuthorizationAccount,319,0,22,0,90,0,49,0,38,0
coverage-report/org.adempiere.base,org.compiere.model,I_AD_TableIndex,10,0,0,0,3,0,1,0,1,0
coverage-report/org.adempiere.base,org.compiere.model,I_R_RequestUpdates,10,0,0,0,3,0,1,0,1,0
coverage-report/org.adempiere.base,org.compiere.model,MLookupFactory,2577,0,330,0,546,0,187,0,22,0
coverage-report/org.adempiere.base,org.compiere.model,MRMATax,602,0,70,0,167,0,47,0,12,0
coverage-report/org.adempiere.base,org.compiere.model,OracleBlobSQL,206,0,8,0,39,0,8,0,4,0
coverage-report/org.adempiere.base,org.compiere.model,I_AD_CtxHelpSuggestion,10,0,0,0,3,0,1,0,1,0
coverage-report/org.adempiere.base,org.compiere.model,SystemProperties,173,0,14,0,47,0,39,0,32,0
coverage-report/org.adempiere.base,org.compiere.model,AttachmentFileSystem,1202,0,158,0,253,0,92,0,13,0
coverage-report/org.adempiere.base,org.compiere.model,I_AD_FieldGroup,10,0,0,0,3,0,1,0,1,0
coverage-report/org.adempiere.base,org.compiere.model,I_AD_ZoomCondition,10,0,0,0,3,0,1,0,1,0
coverage-report/org.adempiere.base,org.compiere.model,X_AD_ReplicationDocument,222,0,16,0,61,0,32,0,24,0
coverage-report/org.adempiere.base,org.compiere.model,X_AD_Tab,995,0,94,0,276,0,146,0,99,0
coverage-report/org.adempiere.base,org.compiere.model,X_M_ProductDownload,169,0,8,0,44,0,24,0,20,0
coverage-report/org.adempiere.base,org.compiere.model,X_T_TrialBalance,1216,0,120,0,330,0,168,0,108,0
coverage-report/org.adempiere.base,org.compiere.model,MClientShare,415,0,40,0,102,0,38,0,18,0
coverage-report/org.adempiere.base,org.compiere.model,MChartDatasource,270,0,38,0,71,0,24,0,5,0
coverage-report/org.adempiere.base,org.compiere.model,X_A_Asset_Split,470,0,46,0,139,0,72,0,49,0
coverage-report/org.adempiere.base,org.compiere.model,I_ASP_Field,10,0,0,0,3,0,1,0,1,0
coverage-report/org.adempiere.base,org.compiere.model,X_C_AllocationHdr,449,0,40,0,128,0,68,0,48,0
coverage-report/org.adempiere.base,org.compiere.model,X_TestUU,103,0,0,0,27,0,16,0,16,0
coverage-report/org.adempiere.base,org.compiere.model,MRequiredPlugin,49,0,7,0,18,0,12,0,6,0
coverage-report/org.adempiere.base,org.compiere.model,I_C_CashBook_Acct,10,0,0,0,3,0,1,0,1,0
coverage-report/org.adempiere.base,org.compiere.model,MAttributeInstanceLine,54,0,0,0,14,0,6,0,6,0
coverage-report/org.adempiere.base,org.compiere.model,I_C_PaySelection,10,0,0,0,3,0,1,0,1,0
coverage-report/org.adempiere.base,org.compiere.model,MPOSKeyLayout,249,0,22,0,56,0,29,0,18,0
coverage-report/org.adempiere.base,org.compiere.model,I_AD_Extension,10,0,0,0,3,0,1,0,1,0
coverage-report/org.adempiere.base,org.compiere.model,X_PA_SLA_Criteria,178,0,8,0,48,0,27,0,23,0
coverage-report/org.adempiere.base,org.compiere.model,MResourceAssignment,93,0,6,0,28,0,9,0,6,0
coverage-report/org.adempiere.base,org.compiere.model,X_M_ShipperLabelsCfg,251,0,16,0,70,0,38,0,30,0
coverage-report/org.adempiere.base,org.compiere.model,X_AD_WizardProcess,195,0,12,0,53,0,28,0,22,0
coverage-report/org.adempiere.base,org.compiere.model,I_M_TransactionAllocation,10,0,0,0,3,0,1,0,1,0
coverage-report/org.adempiere.base,org.compiere.model,MEntityType,209,0,32,0,53,0,31,0,15,0
coverage-report/org.adempiere.base,org.compiere.model,MTree_Node,93,0,2,0,29,0,6,0,5,0
coverage-report/org.adempiere.base,org.compiere.model,I_AD_Modification,10,0,0,0,3,0,1,0,1,0
coverage-report/org.adempiere.base,org.compiere.model,MPInstance,1181,0,122,0,289,0,92,0,31,0
coverage-report/org.adempiere.base,org.compiere.model,X_M_DiscountSchema,269,0,18,0,76,0,42,0,33,0
coverage-report/org.adempiere.base,org.compiere.model,I_C_RfQ_TopicSubscriber,10,0,0,0,3,0,1,0,1,0
coverage-report/org.adempiere.base,org.compiere.model,MCtxHelp,23,0,0,0,8,0,4,0,4,0
coverage-report/org.adempiere.base,org.compiere.model,I_PA_MeasureCalc,10,0,0,0,3,0,1,0,1,0
coverage-report/org.adempiere.base,org.compiere.model,X_A_Asset_Info_Tax,221,0,14,0,62,0,34,0,27,0
coverage-report/org.adempiere.base,org.compiere.model,X_I_Payment,1205,0,84,0,342,0,192,0,150,0
coverage-report/org.adempiere.base,org.compiere.model,X_C_UOM,238,0,12,0,66,0,37,0,31,0
coverage-report/org.adempiere.base,org.compiere.model,X_C_CashBook_Acct,295,0,18,0,79,0,40,0,31,0
coverage-report/org.adempiere.base,org.compiere.model,MRefTable,178,0,16,0,47,0,24,0,16,0
coverage-report/org.adempiere.base,org.compiere.model,I_C_Charge,10,0,0,0,3,0,1,0,1,0
coverage-report/org.adempiere.base,org.compiere.model,X_A_Depreciation,170,0,8,0,47,0,26,0,22,0
coverage-report/org.adempiere.base,org.compiere.model,X_C_Activity,178,0,8,0,48,0,27,0,23,0
coverage-report/org.adempiere.base,org.compiere.model,I_ASP_Ref_List,10,0,0,0,3,0,1,0,1,0
coverage-report/org.adempiere.base,org.compiere.model,I_C_ChargeType_DocType,10,0,0,0,3,0,1,0,1,0
coverage-report/org.adempiere.base,org.compiere.model,MMovement,2492,0,342,0,574,0,209,0,38,0
coverage-report/org.adempiere.base,org.compiere.model,X_AD_RelationType,278,0,16,0,74,0,41,0,33,0
coverage-report/org.adempiere.base,org.compiere.model,X_AD_UserDef_Tab,414,0,22,0,111,0,63,0,52,0
coverage-report/org.adempiere.base,org.compiere.model,I_PA_DashboardPreference,10,0,0,0,3,0,1,0,1,0
coverage-report/org.adempiere.base,org.compiere.model,POResultSet,129,0,16,0,39,0,15,0,7,0
coverage-report/org.adempiere.base,org.compiere.model,I_AD_CtxHelpMsg,10,0,0,0,3,0,1,0,1,0
coverage-report/org.adempiere.base,org.compiere.model,I_R_Status,10,0,0,0,3,0,1,0,1,0
coverage-report/org.adempiere.base,org.compiere.model,I_S_TimeExpense,10,0,0,0,3,0,1,0,1,0
coverage-report/org.adempiere.base,org.compiere.model,I_T_Reconciliation,10,0,0,0,3,0,1,0,1,0
coverage-report/org.adempiere.base,org.compiere.model,X_AD_Table,621,0,54,0,175,0,95,0,68,0
coverage-report/org.adempiere.base,org.compiere.model,GridTabVO,1518,0,164,0,380,0,101,0,19,0
coverage-report/org.adempiere.base,org.compiere.model,I_TestUUDet,10,0,0,0,3,0,1,0,1,0
coverage-report/org.adempiere.base,org.compiere.model,I_C_ServiceLevelLine,10,0,0,0,3,0,1,0,1,0
coverage-report/org.adempiere.base,org.compiere.model,X_AD_EntityType,211,0,8,0,57,0,33,0,29,0
coverage-report/org.adempiere.base,org.compiere.model,X_AD_InfoRelated,338,0,22,0,89,0,48,0,37,0
coverage-report/org.adempiere.base,org.compiere.model,ProductCost,371,0,44,0,103,0,35,0,13,0
coverage-report/org.adempiere.base,org.compiere.model,X_C_OrderLine,1470,0,144,0,410,0,210,0,138,0
coverage-report/org.adempiere.base,org.compiere.model,I_C_POSKeyLayout,10,0,0,0,3,0,1,0,1,0
coverage-report/org.adempiere.base,org.compiere.model,MatchPOAutoMatch.new Comparator() {...},19,0,4,0,4,0,4,0,2,0
coverage-report/org.adempiere.base,org.compiere.model,I_C_InvoiceBatchLine,10,0,0,0,3,0,1,0,1,0
coverage-report/org.adempiere.base,org.compiere.model,I_PA_SLA_Goal,10,0,0,0,3,0,1,0,1,0
coverage-report/org.adempiere.base,org.compiere.model,I_C_Channel,10,0,0,0,3,0,1,0,1,0
coverage-report/org.adempiere.base,org.compiere.model,MPackageExp,103,0,4,0,27,0,8,0,6,0
coverage-report/org.adempiere.base,org.compiere.model,X_U_RoleMenu,172,0,12,0,47,0,24,0,18,0
coverage-report/org.adempiere.base,org.compiere.model,I_R_Group,10,0,0,0,3,0,1,0,1,0
coverage-report/org.adempiere.base,org.compiere.model,MatchPOAutoMatch.new Comparator() {...},19,0,4,0,4,0,4,0,2,0
coverage-report/org.adempiere.base,org.compiere.model,MCashBook,223,0,20,0,51,0,26,0,16,0
coverage-report/org.adempiere.base,org.compiere.model,I_T_Replenish,10,0,0,0,3,0,1,0,1,0
coverage-report/org.adempiere.base,org.compiere.model,X_C_RfQLine,302,0,20,0,82,0,44,0,34,0
coverage-report/org.adempiere.base,org.compiere.model,X_C_Calendar,130,0,4,0,34,0,19,0,17,0
coverage-report/org.adempiere.base,org.compiere.model,X_AD_Role,1139,0,140,0,338,0,173,0,103,0
coverage-report/org.adempiere.base,org.compiere.model,MJournalBatch,1813,0,224,0,441,0,146,0,34,0
coverage-report/org.adempiere.base,org.compiere.model,I_C_RevenueRecognition_Run,10,0,0,0,3,0,1,0,1,0
coverage-report/org.adempiere.base,org.compiere.model,PO.new TrxEventListener() {...},79,0,10,0,14,0,9,0,4,0
coverage-report/org.adempiere.base,org.compiere.model,PO.new TrxEventListener() {...},22,0,2,0,8,0,5,0,4,0
coverage-report/org.adempiere.base,org.compiere.model,I_M_StorageOnHand,10,0,0,0,3,0,1,0,1,0
coverage-report/org.adempiere.base,org.compiere.model,PO.new TrxEventListener() {...},27,0,2,0,8,0,5,0,4,0
coverage-report/org.adempiere.base,org.compiere.model,X_AD_UserDef_Theme_Detail,156,0,8,0,43,0,23,0,19,0
coverage-report/org.adempiere.base,org.compiere.model,PO.new ThreadLocal() {...},5,0,0,0,2,0,2,0,2,0
coverage-report/org.adempiere.base,org.compiere.model,I_C_RfQ_TopicSubscriberOnly,10,0,0,0,3,0,1,0,1,0
coverage-report/org.adempiere.base,org.compiere.model,MTableValRule,260,0,18,0,60,0,25,0,16,0
coverage-report/org.adempiere.base,org.compiere.model,X_C_Currency,271,0,20,0,80,0,43,0,33,0
coverage-report/org.adempiere.base,org.compiere.model,MInvoiceLine,2930,0,374,0,694,0,246,0,59,0
coverage-report/org.adempiere.base,org.compiere.model,I_AD_Column_Access,10,0,0,0,3,0,1,0,1,0
coverage-report/org.adempiere.base,org.compiere.model,I_AD_LdapAccess,10,0,0,0,3,0,1,0,1,0
coverage-report/org.adempiere.base,org.compiere.model,MMeasure,1539,0,186,0,373,0,117,0,24,0
[...]
coverage-report/org.adempiere.ui.zk,org.adempiere.webui.panel,HelpController.ContextHelpMenupopup,102,0,8,0,29,0,8,0,4,0
coverage-report/org.adempiere.ui.zk,org.adempiere.webui.panel,ADForm,274,0,32,0,74,0,36,0,20,0
coverage-report/org.adempiere.ui.zk,org.adempiere.webui.panel,CustomizeUserDefTabGridView.new EventListener() {...},16,0,2,0,4,0,3,0,2,0
coverage-report/org.adempiere.ui.zk,org.adempiere.webui.panel,CustomizeUserDefTabGridView.new EventListener() {...},11,0,0,0,3,0,2,0,2,0
coverage-report/org.adempiere.ui.zk,org.adempiere.webui.panel,InfoInvoicePanel,1390,0,124,0,295,0,78,0,16,0
coverage-report/org.adempiere.ui.zk,org.adempiere.webui.panel,WDocActionPanel.new Callback() {...},32,0,6,0,10,0,5,0,2,0
coverage-report/org.adempiere.ui.zk,org.adempiere.webui.panel,WRC3SortCriteriaPanel.DragListener,114,0,12,0,25,0,8,0,2,0
coverage-report/org.adempiere.ui.zk,org.adempiere.webui.panel,CustomForm,4,0,0,0,2,0,2,0,2,0
coverage-report/org.adempiere.ui.zk,org.adempiere.webui.panel,CustomizeUserDefTabGridView.new EventListener() {...},11,0,0,0,3,0,2,0,2,0
coverage-report/org.adempiere.ui.zk,org.adempiere.webui.panel,CustomizeUserDefTabGridView.new EventListener() {...},45,0,6,0,10,0,5,0,2,0
coverage-report/org.adempiere.ui.zk,org.adempiere.webui.panel,AbstractMenuPanel.new EventListener() {...},124,0,34,0,23,0,19,0,2,0
coverage-report/org.adempiere.ui.zk,org.adempiere.webui.panel,LoginPanel.new EventListener() {...},162,0,26,0,37,0,15,0,2,0
coverage-report/org.adempiere.ui.zk,org.adempiere.webui.panel,ResetPasswordPanel.new Callback() {...},8,0,0,0,3,0,2,0,2,0
coverage-report/org.adempiere.ui.zk,org.adempiere.webui.panel,ResetPasswordPanel,1324,0,74,0,318,0,49,0,12,0
coverage-report/org.adempiere.ui.zk,org.adempiere.webui.panel,TreeSearchPanel,1132,0,128,0,268,0,88,0,24,0
coverage-report/org.adempiere.ui.zk,org.adempiere.webui.panel,InfoInOutPanel,997,0,86,0,201,0,57,0,14,0
coverage-report/org.adempiere.ui.zk,org.adempiere.webui.panel,CustomizeUserDefTabGridView.DragListener,118,0,12,0,24,0,8,0,2,0
coverage-report/org.adempiere.ui.zk,org.adempiere.webui.panel,UserPanel,708,0,74,0,172,0,50,0,13,0
coverage-report/org.adempiere.ui.zk,org.adempiere.webui.action,Actions,195,0,26,0,51,0,18,0,5,0
coverage-report/org.adempiere.ui.zk,org.adempiere.webui.action,IAction,4,0,0,0,3,0,3,0,3,0
coverage-report/org.adempiere.ui.zk,org.idempiere.ui.zk.report,SSVReportViewerRenderer,61,0,0,0,17,0,8,0,8,0
coverage-report/org.adempiere.ui.zk,org.idempiere.ui.zk.report,PDFReportViewerRenderer,91,0,4,0,22,0,11,0,9,0
coverage-report/org.adempiere.ui.zk,org.idempiere.ui.zk.report,PSReportViewerRenderer,60,0,0,0,16,0,8,0,8,0
coverage-report/org.adempiere.ui.zk,org.idempiere.ui.zk.report,IReportViewerRenderer,43,0,4,0,10,0,5,0,3,0
coverage-report/org.adempiere.ui.zk,org.idempiere.ui.zk.report,CSVReportViewerRenderer,95,0,4,0,24,0,11,0,9,0
coverage-report/org.adempiere.ui.zk,org.idempiere.ui.zk.report,HTMLReportViewerRenderer,112,0,4,0,29,0,12,0,10,0
coverage-report/org.adempiere.ui.zk,org.idempiere.ui.zk.report,XLSXReportViewerRenderer,95,0,4,0,24,0,11,0,9,0
coverage-report/org.adempiere.ui.zk,org.idempiere.ui.zk.report,XLSReportViewerRenderer,95,0,4,0,24,0,11,0,9,0
coverage-report/org.adempiere.ui.zk,org.idempiere.ui.zk.report,XMLReportViewerRenderer,57,0,0,0,15,0,8,0,8,0
coverage-report/org.adempiere.ui.zk,org.idempiere.ui.zk.report,TabDelimitedReportViewerRenderer,61,0,0,0,17,0,8,0,8,0
coverage-report/org.adempiere.ui.zk,org.adempiere.webui.apps,ProcessModalDialog,506,0,64,0,135,0,56,0,24,0
coverage-report/org.adempiere.ui.zk,org.adempiere.webui.apps,AEnv,1388,0,218,0,371,0,158,0,49,0
coverage-report/org.adempiere.ui.zk,org.adempiere.webui.apps,MenuItem,53,0,2,0,21,0,14,0,13,0
coverage-report/org.adempiere.ui.zk,org.adempiere.webui.apps,BusyDialog,65,0,4,0,19,0,4,0,2,0
coverage-report/org.adempiere.ui.zk,org.adempiere.webui.apps,MenuSearchController.MenuListComparator,47,0,8,0,13,0,6,0,2,0
coverage-report/org.adempiere.ui.zk,org.adempiere.webui.apps,ProcessDialog,1419,0,176,0,351,0,118,0,30,0
coverage-report/org.adempiere.ui.zk,org.adempiere.webui.apps,DocumentSearchController.new Comparator() {...},52,0,10,0,9,0,7,0,2,0
coverage-report/org.adempiere.ui.zk,org.adempiere.webui.apps,FeedbackRequestWindow,901,0,74,0,199,0,46,0,9,0
coverage-report/org.adempiere.ui.zk,org.adempiere.webui.apps,MenuSearchController.MenuItemRenderer,339,0,34,0,74,0,22,0,5,0
coverage-report/org.adempiere.ui.zk,org.adempiere.webui.apps,ProcessDialog.new Callback() {...},47,0,2,0,8,0,3,0,2,0
coverage-report/org.adempiere.ui.zk,org.adempiere.webui.apps,ProcessDialog.new Callback() {...},47,0,2,0,8,0,3,0,2,0
coverage-report/org.adempiere.ui.zk,org.adempiere.webui.apps,LabelsSearchController,578,0,44,0,146,0,31,0,9,0
coverage-report/org.adempiere.ui.zk,org.adempiere.webui.apps,BusyDialogTemplate,57,0,4,0,20,0,7,0,5,0
coverage-report/org.adempiere.ui.zk,org.adempiere.webui.apps,ProcessParameterPanel.ZoomListener,15,0,2,0,6,0,3,0,2,0
coverage-report/org.adempiere.ui.zk,org.adempiere.webui.apps,AbstractProcessDialog.new EventListener() {...},21,0,0,0,3,0,2,0,2,0
coverage-report/org.adempiere.ui.zk,org.adempiere.webui.apps,AbstractProcessDialog.new EventListener() {...},21,0,0,0,3,0,2,0,2,0
coverage-report/org.adempiere.ui.zk,org.adempiere.webui.apps,AbstractProcessDialog.new Runnable() {...},90,0,4,0,16,0,4,0,2,0
coverage-report/org.adempiere.ui.zk,org.adempiere.webui.apps,AbstractProcessDialog.new Runnable() {...},64,0,0,0,7,0,2,0,2,0
coverage-report/org.adempiere.ui.zk,org.adempiere.webui.apps,AbstractProcessDialog.new EventListener() {...},10,0,0,0,3,0,2,0,2,0
coverage-report/org.adempiere.ui.zk,org.adempiere.webui.apps,AbstractProcessDialog.new EventListener() {...},22,0,0,0,3,0,2,0,2,0
coverage-report/org.adempiere.ui.zk,org.adempiere.webui.apps,AbstractProcessDialog,2511,0,302,0,601,0,220,0,69,0
coverage-report/org.adempiere.ui.zk,org.adempiere.webui.apps,DocumentSearchController.SearchResultDataProvider,65,0,12,0,17,0,11,0,5,0
coverage-report/org.adempiere.ui.zk,org.adempiere.webui.apps,LabelsSearch,312,0,34,0,80,0,23,0,6,0
coverage-report/org.adempiere.ui.zk,org.adempiere.webui.apps,MenuSearchController,1327,0,166,0,320,0,112,0,29,0
coverage-report/org.adempiere.ui.zk,org.adempiere.webui.apps,DesktopRunnable.new ThreadLocal() {...},5,0,0,0,2,0,2,0,2,0
coverage-report/org.adempiere.ui.zk,org.adempiere.webui.apps,LabelsSearchController.LabelItem,30,0,0,0,10,0,5,0,5,0
coverage-report/org.adempiere.ui.zk,org.adempiere.webui.apps,AbstractProcessDialog.ProcessDialogRunnable,66,0,2,0,14,0,3,0,2,0
coverage-report/org.adempiere.ui.zk,org.adempiere.webui.apps,HelpWindow,1455,0,44,0,310,0,30,0,8,0
coverage-report/org.adempiere.ui.zk,org.adempiere.webui.apps,BackgroundJob,293,0,18,0,73,0,18,0,9,0
coverage-report/org.adempiere.ui.zk,org.adempiere.webui.apps,ProcessParameterPanel.FieldEditorDataProvider,113,0,30,0,30,0,20,0,5,0
coverage-report/org.adempiere.ui.zk,org.adempiere.webui.apps,WDrillReport,1447,0,84,0,304,0,52,0,10,0
coverage-report/org.adempiere.ui.zk,org.adempiere.webui.apps,BackgroundJobCallable,458,0,66,0,92,0,38,0,5,0
coverage-report/org.adempiere.ui.zk,org.adempiere.webui.apps,AEnv.new IServerPushCallback() {...},10,0,0,0,3,0,2,0,2,0
coverage-report/org.adempiere.ui.zk,org.adempiere.webui.apps,AEnv.new IServerPushCallback() {...},10,0,0,0,3,0,2,0,2,0
coverage-report/org.adempiere.ui.zk,org.adempiere.webui.apps,AEnv.new EventListener() {...},10,0,0,0,3,0,2,0,2,0
coverage-report/org.adempiere.ui.zk,org.adempiere.webui.apps,AEnv.new EventListener() {...},10,0,0,0,3,0,2,0,2,0
coverage-report/org.adempiere.ui.zk,org.adempiere.webui.apps,WReport,299,0,22,0,69,0,22,0,11,0
coverage-report/org.adempiere.ui.zk,org.adempiere.webui.apps,IProcessParameterListener,3,0,0,0,2,0,2,0,2,0
coverage-report/org.adempiere.ui.zk,org.adempiere.webui.apps,WProcessCtl,386,0,46,0,91,0,33,0,10,0
coverage-report/org.adempiere.ui.zk,org.adempiere.webui.apps,DocumentSearchController,1695,0,238,0,371,0,138,0,19,0
coverage-report/org.adempiere.ui.zk,org.adempiere.webui.apps,DesktopRunnable,32,0,0,0,12,0,4,0,4,0
coverage-report/org.adempiere.ui.zk,org.adempiere.webui.apps,MenuSearchController.new TreeItemAction() {...},19,0,2,0,4,0,3,0,2,0
coverage-report/org.adempiere.ui.zk,org.adempiere.webui.apps,MenuSearchController.new TreeNodeAction() {...},16,0,0,0,3,0,2,0,2,0
coverage-report/org.adempiere.ui.zk,org.adempiere.webui.apps,MenuSearchController.new Comparator() {...},12,0,0,0,2,0,2,0,2,0
coverage-report/org.adempiere.ui.zk,org.adempiere.webui.apps,ProcessParameterPanel,3221,0,542,0,747,0,305,0,34,0
coverage-report/org.adempiere.ui.zk,org.adempiere.webui.apps,GlobalSearch,539,0,62,0,134,0,40,0,9,0
coverage-report/org.adempiere.ui.zk,org.adempiere.webui.apps,LabelsSearchController.LabelItemRenderer,112,0,12,0,29,0,11,0,5,0
coverage-report/org.adempiere.ui.zk,org.adempiere.webui.apps,WProcessCtl.new EventListener() {...},10,0,0,0,3,0,2,0,2,0
coverage-report/org.adempiere.ui.zk,org.adempiere.webui.apps,WProcessCtl.new EventListener() {...},10,0,0,0,3,0,2,0,2,0
coverage-report/org.adempiere.ui.zk,org.adempiere.webui.apps,CalloutDialog,24,0,0,0,8,0,3,0,3,0
coverage-report/org.adempiere.ui.zk,org.adempiere.webui.factory,MappedFormFactory,112,0,10,0,30,0,9,0,4,0
coverage-report/org.adempiere.ui.zk,org.adempiere.webui.factory,DefaultTabPanelFactory,21,0,4,0,6,0,4,0,2,0
coverage-report/org.adempiere.ui.zk,org.adempiere.webui.factory,DefaultAnnotationBasedFormFactory,22,0,0,0,4,0,2,0,2,0
coverage-report/org.adempiere.ui.zk,org.adempiere.webui.factory,IDashboardGadgetFactory,5,0,0,0,1,0,1,0,1,0
coverage-report/org.adempiere.ui.zk,org.adempiere.webui.factory,DefaultFindWindowFactory,31,0,0,0,3,0,3,0,3,0
coverage-report/org.adempiere.ui.zk,org.adempiere.webui.factory,DefaultFormFactory,358,0,68,0,113,0,39,0,5,0
coverage-report/org.adempiere.ui.zk,org.adempiere.webui.factory,ZulDashboardGadgetFactory,26,0,6,0,7,0,5,0,2,0
coverage-report/org.adempiere.ui.zk,org.adempiere.webui.factory,AnnotationBasedFormFactory,281,0,26,0,70,0,20,0,7,0
coverage-report/org.adempiere.ui.zk,org.adempiere.webui.factory,InfoManager,339,0,32,0,69,0,31,0,15,0
coverage-report/org.adempiere.ui.zk,org.adempiere.webui.factory,DefaultFeedbackService.CreateNewRequestAction,81,0,8,0,22,0,7,0,3,0
coverage-report/org.adempiere.ui.zk,org.adempiere.webui.factory,DefaultQuickEntryFactory,15,0,0,0,3,0,3,0,3,0
coverage-report/org.adempiere.ui.zk,org.adempiere.webui.factory,DefaultFeedbackService.EmailSupportAction,207,0,26,0,42,0,18,0,5,0
coverage-report/org.adempiere.ui.zk,org.adempiere.webui.factory,DefaultFeedbackService,41,0,0,0,8,0,4,0,4,0
coverage-report/org.adempiere.ui.zk,org.adempiere.webui.factory,DefaultEditorFactory,473,0,104,0,118,0,55,0,3,0
coverage-report/org.adempiere.ui.zk,org.adempiere.webui.factory,IInfoFactory,9,0,0,0,2,0,2,0,2,0
coverage-report/org.adempiere.ui.zk,org.adempiere.webui.factory,MappedFormFactory.FormSupplier,45,0,6,0,16,0,5,0,2,0
coverage-report/org.adempiere.ui.zk,org.adempiere.webui.factory,DefaultInfoFactory,694,0,78,0,125,0,51,0,12,0
coverage-report/org.adempiere.ui.zk,org.adempiere.webui.factory,ButtonFactory,159,0,30,0,47,0,21,0,6,0
coverage-report/org.adempiere.ui.zk,org.adempiere.webui.apps.graph,WPAWidget,69,0,4,0,17,0,5,0,3,0
coverage-report/org.adempiere.ui.zk,org.adempiere.webui.apps.graph,WPAPanel,188,0,18,0,50,0,16,0,7,0
coverage-report/org.adempiere.ui.zk,org.adempiere.webui.apps.graph,WDocumentStatusPanel,340,0,50,0,81,0,31,0,6,0
coverage-report/org.adempiere.ui.zk,org.adempiere.webui.apps.graph,WViewPI,30,0,4,0,9,0,4,0,2,0
coverage-report/org.adempiere.ui.zk,org.adempiere.webui.apps.graph,WGraph,841,0,44,0,218,0,48,0,26,0
coverage-report/org.adempiere.ui.zk,org.adempiere.webui.apps.graph,WDocumentStatusIndicator,370,0,30,0,91,0,26,0,11,0
coverage-report/org.adempiere.ui.zk,org.adempiere.webui.apps.graph,WPerformanceIndicator.Options,3,0,0,0,1,0,1,0,1,0
coverage-report/org.adempiere.ui.zk,org.adempiere.webui.apps.graph,WGraph.new ValueChangeListener() {...},23,0,4,0,6,0,4,0,2,0
coverage-report/org.adempiere.ui.zk,org.adempiere.webui.apps.graph,WGraph.new EventListener() {...},44,0,6,0,10,0,5,0,2,0
coverage-report/org.adempiere.ui.zk,org.adempiere.webui.apps.graph,WPerformanceIndicator,389,0,46,0,92,0,32,0,9,0
coverage-report/org.adempiere.ui.zk,org.adempiere.webui.apps.graph,WPerformanceDetail,100,0,14,0,24,0,10,0,3,0
coverage-report/org.compiere.db.oracle.provider,org.adempiere.db.oracle.config,ConfigOracle,1181,0,188,0,315,0,105,0,11,0
coverage-report/org.compiere.db.oracle.provider,org.adempiere.db.oracle.partition,TablePartitionService,2741,0,336,0,541,0,190,0,22,0
coverage-report/org.compiere.db.oracle.provider,org.compiere.dbPort,Convert_Oracle,37,0,6,0,13,0,7,0,4,0
coverage-report/org.compiere.db.oracle.provider,org.compiere.db,DB_Oracle,1742,0,244,0,465,0,190,0,68,0
coverage-report/org.compiere.db.oracle.provider,org.adempiere.db.oracle,OracleBundleActivator,12,0,0,0,6,0,4,0,4,0
coverage-report/org.compiere.db.postgresql.provider,org.adempiere.db.postgresql,PostgreSQLBundleActivator,12,0,0,0,6,0,4,0,4,0
coverage-report/org.compiere.db.postgresql.provider,org.adempiere.db.postgresql.config,ConfigPostgreSQL,338,0,44,0,93,0,30,0,8,0
coverage-report/org.compiere.db.postgresql.provider,org.compiere.db,DB_PostgreSQL,2001,0,286,0,549,0,216,0,73,0
coverage-report/org.compiere.db.postgresql.provider,org.compiere.dbPort,Convert_PostgreSQL,2387,0,398,0,614,0,219,0,20,0
coverage-report/org.compiere.db.postgresql.provider,org.compiere.dbPort,ConvertMap_PostgreSQL,195,0,2,0,42,0,5,0,4,0
coverage-report/org.compiere.db.postgresql.provider,org.adempiere.db.postgresql.partition,TablePartitionService,3630,0,370,0,700,0,211,0,26,0
coverage-report/org.idempiere.hazelcast.service,org.idempiere.hazelcast.service,CacheServiceImpl,51,0,10,0,19,0,11,0,6,0
coverage-report/org.idempiere.hazelcast.service,org.idempiere.hazelcast.service,TopicImpl,95,0,8,0,24,0,9,0,5,0
coverage-report/org.idempiere.hazelcast.service,org.idempiere.hazelcast.service,TopicImpl.TopicSubscriberAdapter,15,0,0,0,5,0,2,0,2,0
coverage-report/org.idempiere.hazelcast.service,org.idempiere.hazelcast.service,ClusterMember,48,0,0,0,14,0,6,0,6,0
coverage-report/org.idempiere.hazelcast.service,org.idempiere.hazelcast.service,ClusterServiceImpl,222,0,34,0,50,0,23,0,6,0
coverage-report/org.idempiere.hazelcast.service,org.idempiere.hazelcast.service,Activator,341,0,56,0,93,0,35,0,7,0
coverage-report/org.idempiere.hazelcast.service,org.idempiere.hazelcast.service,MessageServiceImpl,18,0,2,0,7,0,3,0,2,0
coverage-report/org.idempiere.hazelcast.service,org.idempiere.hazelcast.service,CacheConsoleProvider,176,0,14,0,43,0,11,0,4,0
coverage-report/org.idempiere.keikai,org.idempiere.keikai.view,Helper,146,0,2,0,22,0,3,0,2,0
coverage-report/org.idempiere.keikai,org.idempiere.keikai.view,KeikaiMediaViewProvider,39,0,14,0,11,0,9,0,2,0
coverage-report/org.idempiere.keikai,org.idempiere.keikai.view,CSVMediaView,178,0,16,0,44,0,10,0,2,0
coverage-report/org.idempiere.keikai,org.idempiere.keikai.view,SaveBookHandler,138,0,18,0,31,0,12,0,3,0
coverage-report/org.idempiere.keikai,org.idempiere.keikai.view,ExcelMediaView,78,0,4,0,23,0,4,0,2,0
coverage-report/org.idempiere.keikai,io.keikai.ui.au.in,TextHeightCommand,104,0,14,0,25,0,9,0,2,0
coverage-report/org.idempiere.printformat.editor,org.idempiere.printformat.editor.ui,WPrintFormatEditor.new FontMetrics() {...},7,0,0,0,1,0,1,0,1,0
coverage-report/org.idempiere.printformat.editor,org.idempiere.printformat.editor.ui,WPrintFormatEditor.new Comparator() {...},70,0,8,0,10,0,6,0,2,0
coverage-report/org.idempiere.printformat.editor,org.idempiere.printformat.editor.ui,WPrintFormatEditor.new FontMetrics() {...},7,0,0,0,1,0,1,0,1,0
coverage-report/org.idempiere.printformat.editor,org.idempiere.printformat.editor.ui,WPrintFormatEditor,3989,0,414,0,915,0,248,0,39,0
coverage-report/org.idempiere.printformat.editor,org.idempiere.printformat.editor.ui,WPrintFormatEditor.PFIDataProvider,80,0,14,0,23,0,12,0,5,0
coverage-report/org.idempiere.printformat.editor,org.idempiere.printformat.editor.ui,PrintFormatEditorUtil,183,0,38,0,57,0,31,0,12,0
coverage-report/org.idempiere.printformat.editor,org.idempiere.printformat.editor.ui,WPrintFormatEditorForm,2799,0,0,0,695,0,9,0,9,0
coverage-report/org.idempiere.printformat.editor,org.idempiere.printformat.editor.action,EditorAction,31,0,2,0,10,0,4,0,3,0
coverage-report/org.idempiere.printformat.editor,org.idempiere.printformat.editor,PrintAreaBean,43,0,0,0,18,0,9,0,9,0
coverage-report/org.idempiere.printformat.editor,org.idempiere.printformat.editor,FieldPosition,24,0,0,0,10,0,7,0,7,0
coverage-report/org.idempiere.printformat.editor,org.idempiere.printformat.editor,Activator,3,0,0,0,1,0,1,0,1,0
coverage-report/org.idempiere.zk.billboard,org.idempiere.zk.billboard,Version,3,0,0,0,1,0,1,0,1,0
coverage-report/org.idempiere.zk.billboard,org.idempiere.zk.billboard,Billboard,740,0,84,0,177,0,78,0,36,0
coverage-report/org.idempiere.zk.billboard,org.idempiere.zk.billboard,Billboard.DefaultChartDataListener,10,0,0,0,3,0,2,0,2,0
coverage-report/org.idempiere.zk.billboard.chart,org.idempiere.zk.billboard.chart,ChartBuilder,1123,0,128,0,277,0,95,0,31,0
coverage-report/org.idempiere.zk.billboard.chart,org.idempiere.zk.billboard.chart,PerformanceGraphBuilder,905,0,60,0,177,0,44,0,14,0
coverage-report/org.idempiere.zk.billboard.chart,org.idempiere.zk.billboard.chart,ChartRendererServiceImpl,363,0,48,0,98,0,29,0,5,0
coverage-report/org.idempiere.zk.billboard.chart,org.idempiere.zk.billboard.chart,Activator,11,0,0,0,6,0,4,0,4,0
coverage-report/org.idempiere.zk.billboard.chart,org.idempiere.zk.billboard.chart,PerformanceGraphBuilder.ZoomListener,69,0,8,0,19,0,7,0,3,0
coverage-report/org.idempiere.zk.billboard.chart,org.idempiere.zk.billboard.chart,ChartRendererServiceImpl.ZoomListener,86,0,10,0,23,0,7,0,2,0
coverage-report/org.idempiere.zk.datatable,org.idempiere.zk.datatable,DataTableOptions.JSONFunction,12,0,0,0,4,0,2,0,2,0
coverage-report/org.idempiere.zk.datatable,org.idempiere.zk.datatable,DatatableReportViewerRenderer,111,0,4,0,29,0,12,0,10,0
coverage-report/org.idempiere.zk.datatable,org.idempiere.zk.datatable,DatatableReportRendererConfiguration,59,0,0,0,23,0,15,0,15,0
coverage-report/org.idempiere.zk.datatable,org.idempiere.zk.datatable,DataTableOptions,1443,0,104,0,266,0,66,0,14,0
coverage-report/org.idempiere.zk.datatable,org.idempiere.zk.datatable,DatatableReportRenderer.FunctionTypes,94,0,0,0,1,0,1,0,1,0
coverage-report/org.idempiere.zk.datatable,org.idempiere.zk.datatable,DatatableReportRenderer,2649,0,414,0,643,0,230,0,23,0
coverage-report/org.idempiere.zk.pivot,org.idempiere.zk.pivot,PivotReportRenderer,407,0,36,0,117,0,32,0,14,0
coverage-report/org.idempiere.zk.pivot,org.idempiere.zk.pivot,PivotReportVieweRenderer,98,0,4,0,26,0,12,0,10,0
coverage-report/org.idempiere.zk.pivot,org.idempiere.zk.pivot,PivotReportRendererConfiguration,35,0,0,0,14,0,9,0,9,0
coverage-report/org.idempiere.ui.sso.oidc,org.idempiere.ui.sso.oidc.factory,OIDCServiceFactory,15,0,2,0,5,0,3,0,2,0
coverage-report/org.idempiere.ui.sso.oidc,org.idempiere.ui.sso.oidc.service,OIDCPrincipalService,566,0,46,0,125,0,37,0,14,0
coverage-report/org.idempiere.tablepartition,org.idempiere.tablepartition.callout,ColumnCallout,83,0,16,0,20,0,10,0,2,0
coverage-report/org.idempiere.tablepartition,org.idempiere.tablepartition.callout,ColumnCalloutFactoryImpl,10,0,0,0,3,0,2,0,2,0
coverage-report/org.idempiere.tablepartition,org.idempiere.tablepartition,ProcessFactoryImpl,10,0,0,0,3,0,2,0,2,0
coverage-report/org.idempiere.tablepartition,org.idempiere.tablepartition,TablePartitionTask,202,0,22,0,45,0,19,0,8,0
coverage-report/org.idempiere.tablepartition,org.idempiere.tablepartition.process,ChangePartitionStatus,163,0,12,0,28,0,12,0,6,0
coverage-report/org.idempiere.tablepartition,org.idempiere.tablepartition.process,CreatePartition,193,0,26,0,49,0,16,0,3,0
